Log file open, 10/11/16 14:15:41
LogInit:Display: Running engine for game: Polar_Rush
LogPlatformFile: Not using cached read wrapper
LogInit:Display: RandInit(1518635243) SRandInit(1518635243).
LogTaskGraph: Started task graph with 5 named threads and 8 total threads with 1 sets of task threads.
LogStats: Stats thread started at 0.106473
LogPluginManager: Loaded Plugin Paper2D, From C:/Program Files (x86)/Epic Games/4.13/Engine/Plugins/2D/Paper2D/Paper2D.uplugin
LogPluginManager: Loaded Plugin LightPropagationVolume, From C:/Program Files (x86)/Epic Games/4.13/Engine/Plugins/Blendables/LightPropagationVolume/LightPropagationVolume.uplugin
LogPluginManager: Loaded Plugin BlankPlugin, From C:/Program Files (x86)/Epic Games/4.13/Engine/Plugins/Developer/BlankPlugin/BlankPlugin.uplugin
LogPluginManager: Loaded Plugin CodeLiteSourceCodeAccess, From C:/Program Files (x86)/Epic Games/4.13/Engine/Plugins/Developer/CodeLiteSourceCodeAccess/CodeLiteSourceCodeAccess.uplugin
LogPluginManager: Loaded Plugin GitSourceControl, From C:/Program Files (x86)/Epic Games/4.13/Engine/Plugins/Developer/GitSourceControl/GitSourceControl.uplugin
LogPluginManager: Loaded Plugin KDevelopSourceCodeAccess, From C:/Program Files (x86)/Epic Games/4.13/Engine/Plugins/Developer/KDevelopSourceCodeAccess/KDevelopSourceCodeAccess.uplugin
LogPluginManager: Loaded Plugin NullSourceCodeAccess, From C:/Program Files (x86)/Epic Games/4.13/Engine/Plugins/Developer/NullSourceCodeAccess/NullSourceCodeAccess.uplugin
LogPluginManager: Loaded Plugin OneSkyLocalizationService, From C:/Program Files (x86)/Epic Games/4.13/Engine/Plugins/Developer/OneSkyLocalizationService/OneSkyLocalizationService.uplugin
LogPluginManager: Loaded Plugin PerforceSourceControl, From C:/Program Files (x86)/Epic Games/4.13/Engine/Plugins/Developer/PerforceSourceControl/PerforceSourceControl.uplugin
LogPluginManager: Loaded Plugin SubversionSourceControl, From C:/Program Files (x86)/Epic Games/4.13/Engine/Plugins/Developer/SubversionSourceControl/SubversionSourceControl.uplugin
LogPluginManager: Loaded Plugin UObjectPlugin, From C:/Program Files (x86)/Epic Games/4.13/Engine/Plugins/Developer/UObjectPlugin/UObjectPlugin.uplugin
LogPluginManager: Loaded Plugin VisualStudioSourceCodeAccess, From C:/Program Files (x86)/Epic Games/4.13/Engine/Plugins/Developer/VisualStudioSourceCodeAccess/VisualStudioSourceCodeAccess.uplugin
LogPluginManager: Loaded Plugin XCodeSourceCodeAccess, From C:/Program Files (x86)/Epic Games/4.13/Engine/Plugins/Developer/XCodeSourceCodeAccess/XCodeSourceCodeAccess.uplugin
LogPluginManager: Loaded Plugin EpicSurvey, From C:/Program Files (x86)/Epic Games/4.13/Engine/Plugins/Editor/EpicSurvey/EpicSurvey.uplugin
LogPluginManager: Loaded Plugin MacGraphicsSwitching, From C:/Program Files (x86)/Epic Games/4.13/Engine/Plugins/Editor/MacGraphicsSwitching/MacGraphicsSwitching.uplugin
LogPluginManager: Loaded Plugin MobileLauncherProfileWizard, From C:/Program Files (x86)/Epic Games/4.13/Engine/Plugins/Editor/MobileLauncherProfileWizard/MobileLauncherProfileWizard.uplugin
LogPluginManager: Loaded Plugin PluginBrowser, From C:/Program Files (x86)/Epic Games/4.13/Engine/Plugins/Editor/PluginBrowser/PluginBrowser.uplugin
LogPluginManager: Loaded Plugin SpeedTreeImporter, From C:/Program Files (x86)/Epic Games/4.13/Engine/Plugins/Editor/SpeedTreeImporter/SpeedTreeImporter.uplugin
LogPluginManager: Loaded Plugin SuperSearchEditor, From C:/Program Files (x86)/Epic Games/4.13/Engine/Plugins/Editor/SuperSearchEditor/SuperSearchEditor.uplugin
LogPluginManager: Loaded Plugin AlembicImporter, From C:/Program Files (x86)/Epic Games/4.13/Engine/Plugins/Experimental/AlembicImporter/AlembicImporter.uplugin
LogPluginManager: Loaded Plugin BlueprintStats, From C:/Program Files (x86)/Epic Games/4.13/Engine/Plugins/Experimental/BlueprintStats/BlueprintStats.uplugin
LogPluginManager: Loaded Plugin CharacterAI, From C:/Program Files (x86)/Epic Games/4.13/Engine/Plugins/Experimental/CharacterAI/CharacterAI.uplugin
LogPluginManager: Loaded Plugin CodeEditor, From C:/Program Files (x86)/Epic Games/4.13/Engine/Plugins/Experimental/CodeEditor/CodeEditor.uplugin
LogPluginManager: Loaded Plugin CodeView, From C:/Program Files (x86)/Epic Games/4.13/Engine/Plugins/Experimental/CodeView/CodeView.uplugin
LogPluginManager: Loaded Plugin HTML5Networking, From C:/Program Files (x86)/Epic Games/4.13/Engine/Plugins/Experimental/HTML5Networking/HTML5Networking.uplugin
LogPluginManager: Loaded Plugin LiveEditor, From C:/Program Files (x86)/Epic Games/4.13/Engine/Plugins/Experimental/LiveEditor/LiveEditor.uplugin
LogPluginManager: Loaded Plugin OSVR, From C:/Program Files (x86)/Epic Games/4.13/Engine/Plugins/Experimental/OSVR/OSVR.uplugin
LogPluginManager: Loaded Plugin Phya, From C:/Program Files (x86)/Epic Games/4.13/Engine/Plugins/Experimental/Phya/Phya.uplugin
LogPluginManager: Loaded Plugin SignificanceManager, From C:/Program Files (x86)/Epic Games/4.13/Engine/Plugins/Experimental/SignificanceManager/SignificanceManager.uplugin
LogPluginManager: Loaded Plugin SimpleHMD, From C:/Program Files (x86)/Epic Games/4.13/Engine/Plugins/Experimental/SimpleHMD/SimpleHMD.uplugin
LogPluginManager: Loaded Plugin StereoPanorama, From C:/Program Files (x86)/Epic Games/4.13/Engine/Plugins/Experimental/StereoPanorama/StereoPanorama.uplugin
LogPluginManager: Loaded Plugin StructBox, From C:/Program Files (x86)/Epic Games/4.13/Engine/Plugins/Experimental/StructBox/StructBox.uplugin
LogPluginManager: Loaded Plugin AndroidMedia, From C:/Program Files (x86)/Epic Games/4.13/Engine/Plugins/Media/AndroidMedia/AndroidMedia.uplugin
LogPluginManager: Loaded Plugin AvfMedia, From C:/Program Files (x86)/Epic Games/4.13/Engine/Plugins/Media/AvfMedia/AvfMedia.uplugin
LogPluginManager: Loaded Plugin MediaPlayerEditor, From C:/Program Files (x86)/Epic Games/4.13/Engine/Plugins/Media/MediaPlayerEditor/MediaPlayerEditor.uplugin
LogPluginManager: Loaded Plugin WmfMedia, From C:/Program Files (x86)/Epic Games/4.13/Engine/Plugins/Media/WmfMedia/WmfMedia.uplugin
LogPluginManager: Loaded Plugin MessagingDebugger, From C:/Program Files (x86)/Epic Games/4.13/Engine/Plugins/Messaging/MessagingDebugger/MessagingDebugger.uplugin
LogPluginManager: Loaded Plugin TcpMessaging, From C:/Program Files (x86)/Epic Games/4.13/Engine/Plugins/Messaging/TcpMessaging/TcpMessaging.uplugin
LogPluginManager: Loaded Plugin UdpMessaging, From C:/Program Files (x86)/Epic Games/4.13/Engine/Plugins/Messaging/UdpMessaging/UdpMessaging.uplugin
LogPluginManager: Loaded Plugin LevelSequenceEditor, From C:/Program Files (x86)/Epic Games/4.13/Engine/Plugins/MovieScene/LevelSequenceEditor/LevelSequenceEditor.uplugin
LogPluginManager: Loaded Plugin MatineeToLevelSequence, From C:/Program Files (x86)/Epic Games/4.13/Engine/Plugins/MovieScene/MatineeToLevelSequence/MatineeToLevelSequence.uplugin
LogPluginManager: Loaded Plugin NetcodeUnitTest, From C:/Program Files (x86)/Epic Games/4.13/Engine/Plugins/NetcodeUnitTest/NetcodeUnitTest/NetcodeUnitTest.uplugin
LogPluginManager: Loaded Plugin NUTUnrealEngine4, From C:/Program Files (x86)/Epic Games/4.13/Engine/Plugins/NetcodeUnitTest/NUTUnrealEngine4/NUTUnrealEngine4.uplugin
LogPluginManager: Loaded Plugin OnlineSubsystemGooglePlay, From C:/Program Files (x86)/Epic Games/4.13/Engine/Plugins/Online/Android/OnlineSubsystemGooglePlay/OnlineSubsystemGooglePlay.uplugin
LogPluginManager: Loaded Plugin OnlineSubsystemIOS, From C:/Program Files (x86)/Epic Games/4.13/Engine/Plugins/Online/IOS/OnlineSubsystemIOS/OnlineSubsystemIOS.uplugin
LogPluginManager: Loaded Plugin OnlineFramework, From C:/Program Files (x86)/Epic Games/4.13/Engine/Plugins/Online/OnlineFramework/OnlineFramework.uplugin
LogPluginManager: Loaded Plugin OnlineSubsystem, From C:/Program Files (x86)/Epic Games/4.13/Engine/Plugins/Online/OnlineSubsystem/OnlineSubsystem.uplugin
LogPluginManager: Loaded Plugin OnlineSubsystemAmazon, From C:/Program Files (x86)/Epic Games/4.13/Engine/Plugins/Online/OnlineSubsystemAmazon/OnlineSubsystemAmazon.uplugin
LogPluginManager: Loaded Plugin OnlineSubsystemFacebook, From C:/Program Files (x86)/Epic Games/4.13/Engine/Plugins/Online/OnlineSubsystemFacebook/OnlineSubsystemFacebook.uplugin
LogPluginManager: Loaded Plugin OnlineSubsystemNull, From C:/Program Files (x86)/Epic Games/4.13/Engine/Plugins/Online/OnlineSubsystemNull/OnlineSubsystemNull.uplugin
LogPluginManager: Loaded Plugin OnlineSubsystemOculus, From C:/Program Files (x86)/Epic Games/4.13/Engine/Plugins/Online/OnlineSubsystemOculus/OnlineSubsystemOculus.uplugin
LogPluginManager: Loaded Plugin OnlineSubsystemSteam, From C:/Program Files (x86)/Epic Games/4.13/Engine/Plugins/Online/OnlineSubsystemSteam/OnlineSubsystemSteam.uplugin
LogPluginManager: Loaded Plugin OnlineSubsystemUtils, From C:/Program Files (x86)/Epic Games/4.13/Engine/Plugins/Online/OnlineSubsystemUtils/OnlineSubsystemUtils.uplugin
LogPluginManager: Loaded Plugin IOSTapJoy, From C:/Program Files (x86)/Epic Games/4.13/Engine/Plugins/Runtime/Advertising/IOSTapJoy/IOSTapJoy.uplugin
LogPluginManager: Loaded Plugin AnalyticsBlueprintLibrary, From C:/Program Files (x86)/Epic Games/4.13/Engine/Plugins/Runtime/Analytics/AnalyticsBlueprintLibrary/AnalyticsBlueprintLibrary.uplugin
LogPluginManager: Loaded Plugin AnalyticsMulticast, From C:/Program Files (x86)/Epic Games/4.13/Engine/Plugins/Runtime/Analytics/AnalyticsMulticast/AnalyticsMulticast.uplugin
LogPluginManager: Loaded Plugin Apsalar, From C:/Program Files (x86)/Epic Games/4.13/Engine/Plugins/Runtime/Analytics/Apsalar/Apsalar.uplugin
LogPluginManager: Loaded Plugin FileLogging, From C:/Program Files (x86)/Epic Games/4.13/Engine/Plugins/Runtime/Analytics/FileLogging/FileLogging.uplugin
LogPluginManager: Loaded Plugin Flurry, From C:/Program Files (x86)/Epic Games/4.13/Engine/Plugins/Runtime/Analytics/Flurry/Flurry.uplugin
LogPluginManager: Loaded Plugin AndroidDeviceProfileSelector, From C:/Program Files (x86)/Epic Games/4.13/Engine/Plugins/Runtime/AndroidDeviceProfileSelector/AndroidDeviceProfileSelector.uplugin
LogPluginManager: Loaded Plugin AndroidMoviePlayer, From C:/Program Files (x86)/Epic Games/4.13/Engine/Plugins/Runtime/AndroidMoviePlayer/AndroidMoviePlayer.uplugin
LogPluginManager: Loaded Plugin AppleMoviePlayer, From C:/Program Files (x86)/Epic Games/4.13/Engine/Plugins/Runtime/AppleMoviePlayer/AppleMoviePlayer.uplugin
LogPluginManager: Loaded Plugin ArchVisCharacter, From C:/Program Files (x86)/Epic Games/4.13/Engine/Plugins/Runtime/ArchVisCharacter/ArchVisCharacter.uplugin
LogPluginManager: Loaded Plugin CableComponent, From C:/Program Files (x86)/Epic Games/4.13/Engine/Plugins/Runtime/CableComponent/CableComponent.uplugin
LogPluginManager: Loaded Plugin CustomMeshComponent, From C:/Program Files (x86)/Epic Games/4.13/Engine/Plugins/Runtime/CustomMeshComponent/CustomMeshComponent.uplugin
LogPluginManager: Loaded Plugin ExampleDeviceProfileSelector, From C:/Program Files (x86)/Epic Games/4.13/Engine/Plugins/Runtime/ExampleDeviceProfileSelector/ExampleDeviceProfileSelector.uplugin
LogPluginManager: Loaded Plugin GearVR, From C:/Program Files (x86)/Epic Games/4.13/Engine/Plugins/Runtime/GearVR/GearVR.uplugin
LogPluginManager: Loaded Plugin GoogleVRController, From C:/Program Files (x86)/Epic Games/4.13/Engine/Plugins/Runtime/GoogleVR/GoogleVRController/GoogleVRController.uplugin
LogPluginManager: Loaded Plugin GoogleVRHMD, From C:/Program Files (x86)/Epic Games/4.13/Engine/Plugins/Runtime/GoogleVR/GoogleVRHMD/GoogleVRHMD.uplugin
LogPluginManager: Loaded Plugin IOSDeviceProfileSelector, From C:/Program Files (x86)/Epic Games/4.13/Engine/Plugins/Runtime/IOSDeviceProfileSelector/IOSDeviceProfileSelector.uplugin
LogPluginManager: Loaded Plugin LeapMotion, From C:/Program Files (x86)/Epic Games/4.13/Engine/Plugins/Runtime/LeapMotion/LeapMotion.uplugin
LogPluginManager: Loaded Plugin LinuxDeviceProfileSelector, From C:/Program Files (x86)/Epic Games/4.13/Engine/Plugins/Runtime/LinuxDeviceProfileSelector/LinuxDeviceProfileSelector.uplugin
LogPluginManager: Loaded Plugin LiveEditorListenServer, From C:/Program Files (x86)/Epic Games/4.13/Engine/Plugins/Runtime/LiveEditorListenServer/LiveEditorListenServer.uplugin
LogPluginManager: Loaded Plugin OculusAudio, From C:/Program Files (x86)/Epic Games/4.13/Engine/Plugins/Runtime/OculusAudio/OculusAudio.uplugin
LogPluginManager: Loaded Plugin OculusInput, From C:/Program Files (x86)/Epic Games/4.13/Engine/Plugins/Runtime/OculusInput/OculusInput.uplugin
LogPluginManager: Loaded Plugin OculusLibrary, From C:/Program Files (x86)/Epic Games/4.13/Engine/Plugins/Runtime/OculusLibrary/OculusLibrary.uplugin
LogPluginManager: Loaded Plugin OculusRift, From C:/Program Files (x86)/Epic Games/4.13/Engine/Plugins/Runtime/OculusRift/OculusRift.uplugin
LogPluginManager: Loaded Plugin Oodle, From C:/Program Files (x86)/Epic Games/4.13/Engine/Plugins/Runtime/PacketHandlers/CompressionComponents/Oodle/Oodle.uplugin
LogPluginManager: Loaded Plugin ProceduralMeshComponent, From C:/Program Files (x86)/Epic Games/4.13/Engine/Plugins/Runtime/ProceduralMeshComponent/ProceduralMeshComponent.uplugin
LogPluginManager: Loaded Plugin SoundMod, From C:/Program Files (x86)/Epic Games/4.13/Engine/Plugins/Runtime/SoundMod/SoundMod.uplugin
LogPluginManager: Loaded Plugin SoundVisualizations, From C:/Program Files (x86)/Epic Games/4.13/Engine/Plugins/Runtime/SoundVisualizations/SoundVisualizations.uplugin
LogPluginManager: Loaded Plugin SteamController, From C:/Program Files (x86)/Epic Games/4.13/Engine/Plugins/Runtime/Steam/SteamController/SteamController.uplugin
LogPluginManager: Loaded Plugin SteamVR, From C:/Program Files (x86)/Epic Games/4.13/Engine/Plugins/Runtime/Steam/SteamVR/SteamVR.uplugin
LogPluginManager: Loaded Plugin WebBrowserWidget, From C:/Program Files (x86)/Epic Games/4.13/Engine/Plugins/Runtime/WebBrowserWidget/WebBrowserWidget.uplugin
LogPluginManager: Loaded Plugin WindowsDeviceProfileSelector, From C:/Program Files (x86)/Epic Games/4.13/Engine/Plugins/Runtime/WindowsDeviceProfileSelector/WindowsDeviceProfileSelector.uplugin
LogPluginManager: Loaded Plugin WindowsMoviePlayer, From C:/Program Files (x86)/Epic Games/4.13/Engine/Plugins/Runtime/WindowsMoviePlayer/WindowsMoviePlayer.uplugin
LogPluginManager: Loaded Plugin ScriptPlugin, From C:/Program Files (x86)/Epic Games/4.13/Engine/Plugins/ScriptPlugin/ScriptPlugin.uplugin
LogPluginManager: Loaded Plugin SlateRemote, From C:/Program Files (x86)/Epic Games/4.13/Engine/Plugins/Slate/SlateRemote/SlateRemote.uplugin
LogInit: Using libcurl 7.47.1
LogInit:  - built for x86_64-pc-win32
LogInit:  - supports SSL with WinSSL
LogInit:  - other features:
LogInit:      CURL_VERSION_SSL
LogInit:      CURL_VERSION_IPV6
LogInit:      CURL_VERSION_ASYNCHDNS
LogInit:      CURL_VERSION_LARGEFILE
LogInit:      CURL_VERSION_IDN
LogInit:  CurlRequestOptions (configurable via config and command line):
LogInit:  - bVerifyPeer = false  - Libcurl will NOT verify peer certificate
LogInit:  - bUseHttpProxy = false  - Libcurl will NOT use HTTP proxy
LogInit:  - bDontReuseConnections = false  - Libcurl will reuse connections
LogInit:  - CertBundlePath = nullptr  - Libcurl will use whatever was configured at build time.
LogInit: Build: ++UE4+Release-4.13-CL-3142249
LogInit: Engine Version: 4.13.1-3142249+++UE4+Release-4.13
LogInit: Compatible Engine Version: 4.13.0-3106830+++UE4+Release-4.13
LogInit: Net CL: 3142249
LogDevObjectVersion: Number of dev versions registered: 13
LogDevObjectVersion:   Dev-Blueprints (B0D832E4-1F89-4F0D-ACCF-7EB736FD4AA2): 5
LogDevObjectVersion:   Dev-Build (E1C64328-A22C-4D53-A36C-8E866417BD8C): 0
LogDevObjectVersion:   Dev-Core (375EC13C-06E4-48FB-B500-84F0262A717E): 1
LogDevObjectVersion:   Dev-Editor (E4B068ED-F494-42E9-A231-DA0B2E46BB41): 6
LogDevObjectVersion:   Dev-Framework (CFFC743F-43B0-4480-9391-14DF171D2073): 12
LogDevObjectVersion:   Dev-Mobile (B02B49B5-BB20-44E9-A304-32B752E40360): 0
LogDevObjectVersion:   Dev-Networking (A4E4105C-59A1-49B5-A7C5-40C4547EDFEE): 0
LogDevObjectVersion:   Dev-Online (39C831C9-5AE6-47DC-9A44-9C173E1C8E7C): 0
LogDevObjectVersion:   Dev-Physics (78F01B33-EBEA-4F98-B9B4-84EACCB95AA2): 0
LogDevObjectVersion:   Dev-Platform (6631380F-2D4D-43E0-8009-CF276956A95A): 0
LogDevObjectVersion:   Dev-Rendering (12F88B9F-8875-4AFC-A67C-D90C383ABD29): 4
LogDevObjectVersion:   Dev-Sequencer (7B5AE74C-D270-4C10-A958-57980B212A5A): 0
LogDevObjectVersion:   Dev-VR (D7296918-1DD6-4BDD-9DE2-64A83CC13884): 0
LogInit: Compiled (64-bit): Sep 28 2016 02:12:12
LogInit: Compiled with Visual C++: 19.00.23026.00
LogInit: Build Configuration: Development
LogInit: Branch Name: ++UE4+Release-4.13
LogInit: Command line: -EpicPortal 
LogInit: Base directory: C:/Program Files (x86)/Epic Games/4.13/Engine/Binaries/Win64/
LogInit: Installed Engine Build: 1
LogInit: Presizing for max 8388607 objects, including 0 objects not considered by GC, pre-allocating 0 bytes for permanent pool.
LogInit: Object subsystem initialized
[2016.10.11-01.15.41:408][  0]LogInit: Selected Device Profile: [Windows]
[2016.10.11-01.15.41:408][  0]LogInit: Applying CVar settings loaded from the selected device profile: [Windows]
[2016.10.11-01.15.41:465][  0]LogInit: Computer: DESKTOP-0V2RO95
[2016.10.11-01.15.41:465][  0]LogInit: User: Christopher
[2016.10.11-01.15.41:465][  0]LogInit: CPU Page size=65536, Cores=4
[2016.10.11-01.15.41:465][  0]LogInit: High frequency timer resolution =3.117184 MHz
[2016.10.11-01.15.41:465][  0]LogMemory: Memory total: Physical=8.0GB (8GB approx)
[2016.10.11-01.15.41:465][  0]LogMemory: Platform Memory Stats for Windows
[2016.10.11-01.15.41:465][  0]LogMemory: Process Physical Memory: 255.26 MB used, 255.26 MB peak
[2016.10.11-01.15.41:465][  0]LogMemory: Process Virtual Memory: 259.82 MB used, 259.82 MB peak
[2016.10.11-01.15.41:465][  0]LogMemory: Physical Memory: 6763.72 MB used, 8144.65 MB total
[2016.10.11-01.15.41:465][  0]LogMemory: Virtual Memory: 622.07 MB used, 134217728.00 MB total
[2016.10.11-01.15.41:492][  0]LogTextLocalizationManager: No specific translations for ('en-NZ') exist, so ('en') translations will be used.
[2016.10.11-01.15.42:224][  0]LogD3D11RHI: D3D11 adapters:
[2016.10.11-01.15.42:261][  0]LogD3D11RHI:    0. 'NVIDIA GeForce GTX 960' (Feature Level 11_0)
[2016.10.11-01.15.42:261][  0]LogD3D11RHI:       2016/0/4072 MB DedicatedVideo/DedicatedSystem/SharedSystem, Outputs:1, VendorId:0x10de
[2016.10.11-01.15.42:264][  0]LogD3D11RHI:    1. 'Microsoft Basic Render Driver' (Feature Level 11_0)
[2016.10.11-01.15.42:264][  0]LogD3D11RHI:       0/0/4072 MB DedicatedVideo/DedicatedSystem/SharedSystem, Outputs:0, VendorId:0x1414
[2016.10.11-01.15.42:264][  0]LogD3D11RHI: Chosen D3D11 Adapter: 0
[2016.10.11-01.15.42:274][  0]LogD3D11RHI: Creating new Direct3DDevice
[2016.10.11-01.15.42:274][  0]LogD3D11RHI:     GPU DeviceId: 0x1401 (for the marketing name, search the web for "GPU Device Id")
[2016.10.11-01.15.42:274][  0]LogWindows: EnumDisplayDevices:
[2016.10.11-01.15.42:275][  0]LogWindows:    0. 'NVIDIA GeForce GTX 960' (P:1 D:1)
[2016.10.11-01.15.42:275][  0]LogWindows:    1. 'NVIDIA GeForce GTX 960' (P:0 D:0)
[2016.10.11-01.15.42:275][  0]LogWindows:    2. 'NVIDIA GeForce GTX 960' (P:0 D:0)
[2016.10.11-01.15.42:275][  0]LogWindows:    3. 'NVIDIA GeForce GTX 960' (P:0 D:0)
[2016.10.11-01.15.42:275][  0]LogWindows: DebugString: FoundDriverCount:4 
[2016.10.11-01.15.42:275][  0]LogD3D11RHI:     Adapter Name: NVIDIA GeForce GTX 960
[2016.10.11-01.15.42:275][  0]LogD3D11RHI:   Driver Version: 368.81 (internal:10.18.13.6881, unified:368.81)
[2016.10.11-01.15.42:275][  0]LogD3D11RHI:      Driver Date: 7-10-2016
[2016.10.11-01.15.42:275][  0]LogRHI: Texture pool is 1361 MB (70% of 1945 MB)
[2016.10.11-01.15.42:302][  0]LogD3D11RHI: Async texture creation enabled
[2016.10.11-01.15.42:311][  0]LogD3D11RHI: GPU Timing Frequency: 1000.000000 (Debug: 2 1)
[2016.10.11-01.15.42:311][  0]LogShaderCompilers: Guid format shader working directory is -16 characters bigger than the processId version (../../../../../../Users/Christopher/Desktop/git_stuff/Polar_Rush/Intermediate/Shaders/WorkingDirectory/12368/).
[2016.10.11-01.15.42:311][  0]LogShaderCompilers: Cleaned the shader compiler working directory 'C:/Users/CHRIST~1/AppData/Local/Temp/UnrealShaderWorkingDir/DEC76F154AE1AFE035200CA0BA7380AA/'.
[2016.10.11-01.15.42:311][  0]LogShaderCompilers:Display: Using Local Shader Compiler.
[2016.10.11-01.15.43:755][  0]LogTemp:Display: Loaded TP AllDesktopTargetPlatform
[2016.10.11-01.15.43:764][  0]LogTemp:Display: Loaded TP WindowsClientTargetPlatform
[2016.10.11-01.15.43:772][  0]LogTemp:Display: Loaded TP WindowsNoEditorTargetPlatform
[2016.10.11-01.15.43:784][  0]LogTemp:Display: Loaded TP WindowsServerTargetPlatform
[2016.10.11-01.15.43:791][  0]LogTemp:Display: Loaded TP WindowsTargetPlatform
[2016.10.11-01.15.43:871][  0]LogTemp:Display: Loaded TP AndroidTargetPlatform
[2016.10.11-01.15.43:877][  0]LogTemp:Display: Loaded TP Android_ASTCTargetPlatform
[2016.10.11-01.15.43:885][  0]LogTemp:Display: Loaded TP Android_ATCTargetPlatform
[2016.10.11-01.15.43:891][  0]LogTemp:Display: Loaded TP Android_DXTTargetPlatform
[2016.10.11-01.15.43:899][  0]LogTemp:Display: Loaded TP Android_ETC1TargetPlatform
[2016.10.11-01.15.43:905][  0]LogTemp:Display: Loaded TP Android_ETC2TargetPlatform
[2016.10.11-01.15.43:919][  0]LogTemp:Display: Loaded TP Android_MultiTargetPlatform
[2016.10.11-01.15.43:919][  0]LogTemp:Display: Loaded TP Android_PVRTCTargetPlatform
[2016.10.11-01.15.43:920][  0]LogTemp:Display: Loaded TP HTML5TargetPlatform
[2016.10.11-01.15.44:059][  0]LogTemp:Display: Loaded TP IOSTargetPlatform
[2016.10.11-01.15.44:066][  0]LogTemp:Display: Loaded TP TVOSTargetPlatform
[2016.10.11-01.15.44:072][  0]LogTemp:Display: Loaded TP LinuxClientTargetPlatform
[2016.10.11-01.15.44:078][  0]LogTemp:Display: Loaded TP LinuxNoEditorTargetPlatform
[2016.10.11-01.15.44:085][  0]LogTemp:Display: Loaded TP LinuxServerTargetPlatform
[2016.10.11-01.15.44:135][  0]LogTemp:Display: Loaded TP LinuxTargetPlatform
[2016.10.11-01.15.44:135][  0]LogTargetPlatformManager:Display: Building Assets For Windows
[2016.10.11-01.15.44:221][  0]LogDerivedDataCache:Display: Max Cache Size: 512 MB
[2016.10.11-01.15.44:291][  0]LogDerivedDataCache: Loaded boot cache 0.07s 62MB C:/Users/Christopher/AppData/Local/UnrealEngine/4.13/DerivedDataCache/Boot.ddc.
[2016.10.11-01.15.44:292][  0]LogDerivedDataCache:Display: Loaded Boot cache: C:/Users/Christopher/AppData/Local/UnrealEngine/4.13/DerivedDataCache/Boot.ddc
[2016.10.11-01.15.44:292][  0]LogDerivedDataCache: FDerivedDataBackendGraph:  Pak pak cache file ../../../../../../Users/Christopher/Desktop/git_stuff/Polar_Rush/DerivedDataCache/DDC.ddp not found, will not use a pak cache.
[2016.10.11-01.15.44:292][  0]LogDerivedDataCache: Unable to find inner node Pak for hierarchical cache Hierarchy.
[2016.10.11-01.15.44:292][  0]LogDerivedDataCache: FDerivedDataBackendGraph:  CompressedPak pak cache file ../../../../../../Users/Christopher/Desktop/git_stuff/Polar_Rush/DerivedDataCache/Compressed.ddp not found, will not use a pak cache.
[2016.10.11-01.15.44:292][  0]LogDerivedDataCache: Unable to find inner node CompressedPak for hierarchical cache Hierarchy.
[2016.10.11-01.15.44:309][  0]LogDerivedDataCache:Display: Pak cache opened for reading ../../../Engine/DerivedDataCache/Compressed.ddp.
[2016.10.11-01.15.44:321][  0]LogDerivedDataCache: Using Local data cache path C:/Users/Christopher/AppData/Local/UnrealEngine/Common/DerivedDataCache: Writable
[2016.10.11-01.15.44:557][  0]LogInit: Selected Device Profile: [Windows]
[2016.10.11-01.15.44:560][  0]LogContentStreaming: Texture pool size is 0.00 MB
[2016.10.11-01.15.44:657][  0]LogMeshUtilities: No automatic mesh reduction module available
[2016.10.11-01.15.44:657][  0]LogMeshUtilities: No automatic mesh merging module available
[2016.10.11-01.15.44:657][  0]LogMeshUtilities: No distributed automatic mesh merging module available
[2016.10.11-01.15.44:798][  0]LogMaterial: Uniform references updated for custom material expression Custom.
[2016.10.11-01.15.46:354][  0]LogNetVersion: GetLocalNetworkVersion: CL: 3106830, ProjectName: polar_rush, ProjectVersion: , EngineNetworkVersion: 1, GameNetworkVersion: 0, NetworkChecksum: 751705374
[2016.10.11-01.15.46:392][  0]LogAssetRegistry: FAssetRegistry took 0.0211 seconds to start up
[2016.10.11-01.15.46:653][  0]LogPackageLocalizationCache: Processed 3 localized package path(s) for 2 prioritized culture(s) in 0.249447 seconds
[2016.10.11-01.15.46:657][  0]LogUObjectArray: 29778 objects as part of root set at end of initial load.
[2016.10.11-01.15.46:657][  0]LogUObjectAllocator: 6125448 out of 0 bytes used by permanent object pool.
[2016.10.11-01.15.46:657][  0]LogUObjectArray: CloseDisregardForGC: 0/0 objects in disregard for GC pool
[2016.10.11-01.15.46:664][  0]LogInit: WinSock: version 1.1 (2.2), MaxSocks=32767, MaxUdp=65467
[2016.10.11-01.15.47:880][  0]LogSlate: SlateFontCache - WITH_FREETYPE: 1, WITH_HARFBUZZ: 1
[2016.10.11-01.15.47:880][  0]LogSlate: SlateFontCache - WITH_FREETYPE: 1, WITH_HARFBUZZ: 1
[2016.10.11-01.16.55:090][  0]LogTcpMessaging: Initializing TcpMessaging bridge
[2016.10.11-01.16.55:110][  0]LogUdpMessaging: Initializing bridge on interface 0.0.0.0:0 to multicast group 230.0.0.1:6666.
[2016.10.11-01.16.55:430][  0]SourceControl: Info Source control is disabled
[2016.10.11-01.16.55:431][  0]SourceControl: Info Source control is disabled
[2016.10.11-01.16.55:439][  0]SourceControl: Info Source control is disabled
[2016.10.11-01.16.55:447][  0]SourceControl: Info Source control is disabled
[2016.10.11-01.16.55:958][  0]LogEngine: Initializing Engine...
[2016.10.11-01.16.55:958][  0]LogHMD: Failed to initialize OpenVR with code 110
[2016.10.11-01.16.56:102][  0]LogAIModule: Creating AISystem for world Untitled
[2016.10.11-01.16.56:114][  0]LogInit: XAudio2 using 'Speakers (Realtek High Definition Audio)' : 2 channels at 48 kHz using 32 bits per sample (channel mask 0x3)
[2016.10.11-01.16.56:126][  0]LogInit: FAudioDevice initialized.
[2016.10.11-01.16.56:166][  0]LogDerivedDataCache: Saved boot cache 0.04s 62MB C:/Users/Christopher/AppData/Local/UnrealEngine/4.13/DerivedDataCache/Boot.ddc.
[2016.10.11-01.16.56:177][  0]LogInit: Texture streaming: Enabled
[2016.10.11-01.16.56:713][  0]LogInit: Transaction tracking system initialized
[2016.10.11-01.16.56:734][  0]BlueprintLog: New page: Editor Load
[2016.10.11-01.16.57:512][  0]LocalizationService: Info Localization service is disabled
[2016.10.11-01.16.58:040][  0]LogConsoleResponse:Display: 
[2016.10.11-01.16.59:104][  0]LogCook:Display: Max memory allowance for cook 16384mb min free memory 0mb
[2016.10.11-01.16.59:104][  0]LogCook:Display: Mobile HDR setting 1
[2016.10.11-01.16.59:705][  0]LogFileCache: Scanning file cache for directory 'C:/Users/Christopher/Desktop/git_stuff/Polar_Rush/Content/' took 0.09s
[2016.10.11-01.17.00:280][  0]SourceControl: Info Source control is disabled
[2016.10.11-01.17.00:281][  0]Cmd: MAP LOAD FILE="../../../../../../Users/Christopher/Desktop/git_stuff/Polar_Rush/Content/ThirdPersonBP/Maps/ThirdPersonExampleMap.umap" TEMPLATE=0 SHOWPROGRESS=1 FEATURELEVEL=3
[2016.10.11-01.17.00:364][  0]LightingResults: New page: Lighting Build
[2016.10.11-01.17.00:366][  0]MapCheck: New page: Map Check
[2016.10.11-01.17.00:366][  0]LightingResults: New page: Lighting Build
[2016.10.11-01.17.13:973][  0]LogBlueprint:Warning: [Compiler Cube_Blueprint] Warning Variable side is marked as 'Expose on Spawn' but not marked as 'Editable'; please make it 'Editable'
[2016.10.11-01.17.14:067][  0]LogBlueprint:Warning: [Compiler Cube_Blueprint] Warning 'Item' is already a 'Global Variable', you don't need  K2Node_DynamicCast_0 .
[2016.10.11-01.17.14:083][  0]LogBlueprint:Warning: [Compiler Cube_Blueprint] Warning [0095.26] Compile of Cube_Blueprint successful, but with 2 Warning(s) [in 110 ms] (/Game/Cube_Blueprint.Cube_Blueprint)
[2016.10.11-01.17.14:084][  0]LogBlueprint:Warning: [Compiler Cube_Blueprint] Warning [0095.26] Compile of Cube_Blueprint successful, but with 3 Warning(s) [in 0 ms] (/Game/Cube_Blueprint.Cube_Blueprint)
[2016.10.11-01.17.14:084][  0]LogBlueprint:Warning: [Compiler Cube_Blueprint] Warning [0095.26] Compile of Cube_Blueprint successful, but with 4 Warning(s) [in 0 ms] (/Game/Cube_Blueprint.Cube_Blueprint)
[2016.10.11-01.17.14:087][  0]LogBlueprint:Warning: [Compiler Cube_Blueprint] Warning Variable side is marked as 'Expose on Spawn' but not marked as 'Editable'; please make it 'Editable'
[2016.10.11-01.17.14:106][  0]LogBlueprint:Warning: [Compiler Cube_Blueprint] Warning 'Item' is already a 'Global Variable', you don't need  K2Node_DynamicCast_0 .
[2016.10.11-01.17.14:111][  0]LogBlueprint:Warning: [Compiler Cube_Blueprint] Warning [0095.29] Compile of Cube_Blueprint successful, but with 2 Warning(s) [in 24 ms] (/Game/Cube_Blueprint.Cube_Blueprint)
[2016.10.11-01.17.14:111][  0]LogBlueprint:Warning: [Compiler Cube_Blueprint] Warning [0095.29] Compile of Cube_Blueprint successful, but with 3 Warning(s) [in 0 ms] (/Game/Cube_Blueprint.Cube_Blueprint)
[2016.10.11-01.17.14:111][  0]LogBlueprint:Warning: [Compiler Cube_Blueprint] Warning [0095.29] Compile of Cube_Blueprint successful, but with 4 Warning(s) [in 0 ms] (/Game/Cube_Blueprint.Cube_Blueprint)
[2016.10.11-01.17.15:068][  0]LogBlueprint:Warning: [Compiler FlipPlatform] Warning 'Item' is already a 'Global Variable', you don't need  K2Node_DynamicCast_0 .
[2016.10.11-01.17.15:072][  0]LogBlueprint:Warning: [Compiler FlipPlatform] Warning [0096.25] Compile of FlipPlatform successful, but with 1 Warning(s) [in 24 ms] (/Game/FlipPlatform.FlipPlatform)
[2016.10.11-01.17.15:072][  0]LogBlueprint:Warning: [Compiler FlipPlatform] Warning [0096.25] Compile of FlipPlatform successful, but with 2 Warning(s) [in 0 ms] (/Game/FlipPlatform.FlipPlatform)
[2016.10.11-01.17.15:072][  0]LogBlueprint:Warning: [Compiler FlipPlatform] Warning [0096.25] Compile of FlipPlatform successful, but with 3 Warning(s) [in 0 ms] (/Game/FlipPlatform.FlipPlatform)
[2016.10.11-01.17.15:090][  0]LogBlueprint:Warning: [Compiler FlipPlatform] Warning 'Item' is already a 'Global Variable', you don't need  K2Node_DynamicCast_0 .
[2016.10.11-01.17.15:093][  0]LogBlueprint:Warning: [Compiler FlipPlatform] Warning [0096.27] Compile of FlipPlatform successful, but with 1 Warning(s) [in 19 ms] (/Game/FlipPlatform.FlipPlatform)
[2016.10.11-01.17.15:093][  0]LogBlueprint:Warning: [Compiler FlipPlatform] Warning [0096.27] Compile of FlipPlatform successful, but with 2 Warning(s) [in 0 ms] (/Game/FlipPlatform.FlipPlatform)
[2016.10.11-01.17.15:093][  0]LogBlueprint:Warning: [Compiler FlipPlatform] Warning [0096.27] Compile of FlipPlatform successful, but with 3 Warning(s) [in 0 ms] (/Game/FlipPlatform.FlipPlatform)
[2016.10.11-01.17.15:722][  0]LogBlueprint:Warning: [Compiler moreSwmTime] Warning 'Item' is already a 'Seatop Blueprint', you don't need  K2Node_DynamicCast_6 .
[2016.10.11-01.17.15:724][  0]LogBlueprint:Warning: [Compiler moreSwmTime] Warning [0096.90] Compile of moreSwmTime successful, but with 1 Warning(s) [in 14 ms] (/Game/moreSwmTime.moreSwmTime)
[2016.10.11-01.17.15:724][  0]LogBlueprint:Warning: [Compiler moreSwmTime] Warning [0096.90] Compile of moreSwmTime successful, but with 2 Warning(s) [in 0 ms] (/Game/moreSwmTime.moreSwmTime)
[2016.10.11-01.17.15:724][  0]LogBlueprint:Warning: [Compiler moreSwmTime] Warning [0096.90] Compile of moreSwmTime successful, but with 3 Warning(s) [in 0 ms] (/Game/moreSwmTime.moreSwmTime)
[2016.10.11-01.17.15:735][  0]LogBlueprint:Warning: [Compiler moreSwmTime] Warning 'Item' is already a 'Seatop Blueprint', you don't need  K2Node_DynamicCast_6 .
[2016.10.11-01.17.15:737][  0]LogBlueprint:Warning: [Compiler moreSwmTime] Warning [0096.91] Compile of moreSwmTime successful, but with 1 Warning(s) [in 10 ms] (/Game/moreSwmTime.moreSwmTime)
[2016.10.11-01.17.15:737][  0]LogBlueprint:Warning: [Compiler moreSwmTime] Warning [0096.91] Compile of moreSwmTime successful, but with 2 Warning(s) [in 0 ms] (/Game/moreSwmTime.moreSwmTime)
[2016.10.11-01.17.15:737][  0]LogBlueprint:Warning: [Compiler moreSwmTime] Warning [0096.91] Compile of moreSwmTime successful, but with 3 Warning(s) [in 0 ms] (/Game/moreSwmTime.moreSwmTime)
[2016.10.11-01.17.15:904][  0]LogBlueprint:Warning: [Compiler MovingPlatform_LR] Warning 'Item' is already a 'Global Variable', you don't need  K2Node_DynamicCast_0 .
[2016.10.11-01.17.15:907][  0]LogBlueprint:Warning: [Compiler MovingPlatform_LR] Warning [0097.08] Compile of MovingPlatform_LR successful, but with 1 Warning(s) [in 18 ms] (/Game/MovingPlatform_LR.MovingPlatform_LR)
[2016.10.11-01.17.15:907][  0]LogBlueprint:Warning: [Compiler MovingPlatform_LR] Warning [0097.08] Compile of MovingPlatform_LR successful, but with 2 Warning(s) [in 0 ms] (/Game/MovingPlatform_LR.MovingPlatform_LR)
[2016.10.11-01.17.15:907][  0]LogBlueprint:Warning: [Compiler MovingPlatform_LR] Warning [0097.08] Compile of MovingPlatform_LR successful, but with 3 Warning(s) [in 0 ms] (/Game/MovingPlatform_LR.MovingPlatform_LR)
[2016.10.11-01.17.15:924][  0]LogBlueprint:Warning: [Compiler MovingPlatform_LR] Warning 'Item' is already a 'Global Variable', you don't need  K2Node_DynamicCast_0 .
[2016.10.11-01.17.15:928][  0]LogBlueprint:Warning: [Compiler MovingPlatform_LR] Warning [0097.11] Compile of MovingPlatform_LR successful, but with 1 Warning(s) [in 18 ms] (/Game/MovingPlatform_LR.MovingPlatform_LR)
[2016.10.11-01.17.15:928][  0]LogBlueprint:Warning: [Compiler MovingPlatform_LR] Warning [0097.11] Compile of MovingPlatform_LR successful, but with 2 Warning(s) [in 0 ms] (/Game/MovingPlatform_LR.MovingPlatform_LR)
[2016.10.11-01.17.15:928][  0]LogBlueprint:Warning: [Compiler MovingPlatform_LR] Warning [0097.11] Compile of MovingPlatform_LR successful, but with 3 Warning(s) [in 0 ms] (/Game/MovingPlatform_LR.MovingPlatform_LR)
[2016.10.11-01.17.16:326][  0]LogBlueprint:Warning: [Compiler Powerup] Warning 'Item' is already a 'Global Variable', you don't need  K2Node_DynamicCast_0 .
[2016.10.11-01.17.16:328][  0]LogBlueprint:Warning: [Compiler Powerup] Warning [0097.51] Compile of Powerup successful, but with 1 Warning(s) [in 10 ms] (/Game/Powerup.Powerup)
[2016.10.11-01.17.16:328][  0]LogBlueprint:Warning: [Compiler Powerup] Warning [0097.51] Compile of Powerup successful, but with 2 Warning(s) [in 0 ms] (/Game/Powerup.Powerup)
[2016.10.11-01.17.16:328][  0]LogBlueprint:Warning: [Compiler Powerup] Warning [0097.51] Compile of Powerup successful, but with 3 Warning(s) [in 0 ms] (/Game/Powerup.Powerup)
[2016.10.11-01.17.16:338][  0]LogBlueprint:Warning: [Compiler Powerup] Warning 'Item' is already a 'Global Variable', you don't need  K2Node_DynamicCast_0 .
[2016.10.11-01.17.16:341][  0]LogBlueprint:Warning: [Compiler Powerup] Warning [0097.52] Compile of Powerup successful, but with 1 Warning(s) [in 10 ms] (/Game/Powerup.Powerup)
[2016.10.11-01.17.16:341][  0]LogBlueprint:Warning: [Compiler Powerup] Warning [0097.52] Compile of Powerup successful, but with 2 Warning(s) [in 0 ms] (/Game/Powerup.Powerup)
[2016.10.11-01.17.16:341][  0]LogBlueprint:Warning: [Compiler Powerup] Warning [0097.52] Compile of Powerup successful, but with 3 Warning(s) [in 0 ms] (/Game/Powerup.Powerup)
[2016.10.11-01.17.17:143][  0]LogBlueprint:Warning: [Compiler RotatingPlatform] Warning 'Item' is already a 'Global Variable', you don't need  K2Node_DynamicCast_0 .
[2016.10.11-01.17.17:147][  0]LogBlueprint:Warning: [Compiler RotatingPlatform] Warning [0098.32] Compile of RotatingPlatform successful, but with 1 Warning(s) [in 23 ms] (/Game/RotatingPlatform.RotatingPlatform)
[2016.10.11-01.17.17:147][  0]LogBlueprint:Warning: [Compiler RotatingPlatform] Warning [0098.32] Compile of RotatingPlatform successful, but with 2 Warning(s) [in 0 ms] (/Game/RotatingPlatform.RotatingPlatform)
[2016.10.11-01.17.17:147][  0]LogBlueprint:Warning: [Compiler RotatingPlatform] Warning [0098.32] Compile of RotatingPlatform successful, but with 3 Warning(s) [in 0 ms] (/Game/RotatingPlatform.RotatingPlatform)
[2016.10.11-01.17.17:167][  0]LogBlueprint:Warning: [Compiler RotatingPlatform] Warning 'Item' is already a 'Global Variable', you don't need  K2Node_DynamicCast_0 .
[2016.10.11-01.17.17:170][  0]LogBlueprint:Warning: [Compiler RotatingPlatform] Warning [0098.35] Compile of RotatingPlatform successful, but with 1 Warning(s) [in 21 ms] (/Game/RotatingPlatform.RotatingPlatform)
[2016.10.11-01.17.17:171][  0]LogBlueprint:Warning: [Compiler RotatingPlatform] Warning [0098.35] Compile of RotatingPlatform successful, but with 2 Warning(s) [in 0 ms] (/Game/RotatingPlatform.RotatingPlatform)
[2016.10.11-01.17.17:171][  0]LogBlueprint:Warning: [Compiler RotatingPlatform] Warning [0098.35] Compile of RotatingPlatform successful, but with 3 Warning(s) [in 0 ms] (/Game/RotatingPlatform.RotatingPlatform)
[2016.10.11-01.17.17:780][  0]LogBlueprint:Warning: [Compiler UIWidget] Warning 'Item' is already a 'Seatop Blueprint', you don't need  K2Node_DynamicCast_1 .
[2016.10.11-01.17.17:780][  0]LogBlueprint:Warning: [Compiler UIWidget] Warning 'Item' is already a 'Third Person Character', you don't need  K2Node_DynamicCast_0 .
[2016.10.11-01.17.17:784][  0]LogBlueprint:Warning: [Compiler UIWidget] Warning [0098.96] Compile of UIWidget successful, but with 2 Warning(s) [in 10 ms] (/Game/UIAssets/UIWidget.UIWidget)
[2016.10.11-01.17.17:784][  0]LogBlueprint:Warning: [Compiler UIWidget] Warning [0098.96] Compile of UIWidget successful, but with 3 Warning(s) [in 0 ms] (/Game/UIAssets/UIWidget.UIWidget)
[2016.10.11-01.17.17:784][  0]LogBlueprint:Warning: [Compiler UIWidget] Warning [0098.96] Compile of UIWidget successful, but with 4 Warning(s) [in 0 ms] (/Game/UIAssets/UIWidget.UIWidget)
[2016.10.11-01.17.17:790][  0]LogBlueprint:Warning: [Compiler UIWidget] Warning 'Item' is already a 'Seatop Blueprint', you don't need  K2Node_DynamicCast_1 .
[2016.10.11-01.17.17:790][  0]LogBlueprint:Warning: [Compiler UIWidget] Warning 'Item' is already a 'Third Person Character', you don't need  K2Node_DynamicCast_0 .
[2016.10.11-01.17.17:792][  0]LogBlueprint:Warning: [Compiler UIWidget] Warning [0098.97] Compile of UIWidget successful, but with 2 Warning(s) [in 6 ms] (/Game/UIAssets/UIWidget.UIWidget)
[2016.10.11-01.17.17:792][  0]LogBlueprint:Warning: [Compiler UIWidget] Warning [0098.97] Compile of UIWidget successful, but with 3 Warning(s) [in 0 ms] (/Game/UIAssets/UIWidget.UIWidget)
[2016.10.11-01.17.17:792][  0]LogBlueprint:Warning: [Compiler UIWidget] Warning [0098.97] Compile of UIWidget successful, but with 4 Warning(s) [in 0 ms] (/Game/UIAssets/UIWidget.UIWidget)
[2016.10.11-01.17.25:092][  0]LogAIModule: Creating AISystem for world ThirdPersonExampleMap
[2016.10.11-01.17.25:932][  0]LogSkeletalMesh: UPhysicsAssetInstance::InitInstance : Could not find root physics body: SkeletalMesh
[2016.10.11-01.17.26:092][  0]LogSkeletalMesh: UPhysicsAssetInstance::InitInstance : Could not find root physics body: SkeletalMesh
[2016.10.11-01.17.26:093][  0]LogSkeletalMesh: UPhysicsAssetInstance::InitInstance : Could not find root physics body: SkeletalMesh
[2016.10.11-01.17.26:103][  0]LogEditorServer: Finished looking for orphan Actors (0.000 secs)
[2016.10.11-01.17.26:131][  0]Cmd: MAP CHECKDEP NOCLEARLOG
[2016.10.11-01.17.26:186][  0]MapCheck: Info Map check complete: 0 Error(s), 0 Warning(s), took 54.368ms to complete.
[2016.10.11-01.17.26:186][  0]LogFileHelpers: Loading map 'ThirdPersonExampleMap' took 25.905
[2016.10.11-01.17.27:404][  0]LogCollectionManager: Loaded 0 collections in 0.001424 seconds
[2016.10.11-01.17.27:573][  0]LogFileCache: Scanning file cache for directory 'C:/Users/Christopher/Desktop/git_stuff/Polar_Rush/Saved/Collections/' took 0.01s
[2016.10.11-01.17.27:573][  0]LogFileCache: Scanning file cache for directory 'C:/Users/Christopher/Desktop/git_stuff/Polar_Rush/Content/Developers/Christopher/Collections/' took 0.01s
[2016.10.11-01.17.27:573][  0]LogFileCache: Scanning file cache for directory 'C:/Users/Christopher/Desktop/git_stuff/Polar_Rush/Content/Collections/' took 0.01s
[2016.10.11-01.17.27:573][  0]LogCollectionManager: Rebuilt the GUID cache for 0 collections in 0.000002 seconds
[2016.10.11-01.17.27:588][  0]LogContentBrowser: Native class hierarchy populated in 0.0109 seconds. Added 2141 classes and 415 folders.
[2016.10.11-01.17.27:736][  0]LogStats: UGameplayTagsManager::ConstructGameplayTagTree: Construct from data asset -  0.000 s
[2016.10.11-01.17.27:736][  0]LogStats: UGameplayTagsManager::ConstructGameplayTagTree: GameplayTagTreeChangedEvent.Broadcast -  0.001 s
[2016.10.11-01.17.27:738][  0]LogContentBrowser: Native class hierarchy updated for 'GameplayTags' in 0.0006 seconds. Added 12 classes and 0 folders.
[2016.10.11-01.17.27:766][  0]LogContentBrowser: Native class hierarchy updated for 'WidgetCarousel' in 0.0004 seconds. Added 0 classes and 0 folders.
[2016.10.11-01.17.29:846][  0]LogContentBrowser: Native class hierarchy updated for 'AddContentDialog' in 0.0004 seconds. Added 0 classes and 0 folders.
[2016.10.11-01.17.29:926][  0]LogContentBrowser: Native class hierarchy updated for 'SceneOutliner' in 0.0004 seconds. Added 1 classes and 2 folders.
[2016.10.11-01.17.30:315][  0]LogCrashTracker: Crashtracker disabled due to settings.
[2016.10.11-01.17.30:570][  0]LogUObjectGlobals:Warning: Failed to find object 'Class None.'
[2016.10.11-01.17.30:706][  0]LogContentBrowser: Native class hierarchy updated for 'HierarchicalLODOutliner' in 0.0004 seconds. Added 1 classes and 2 folders.
[2016.10.11-01.17.30:706][  0]LogLoad: (Engine Initialization) Total time: 111.88 seconds
[2016.10.11-01.17.30:706][  0]LogLoad: (Engine Initialization) Total Blueprint compile time: 12.56 seconds
[2016.10.11-01.17.30:706][  0]LogExternalProfiler: No external profilers were discovered.  External profiling features will not be available.
[2016.10.11-01.17.31:047][  0]LogOcInput: OculusInput pre-init called
[2016.10.11-01.17.31:205][  0]LogContentStreaming: Texture pool size now 1000 MB
[2016.10.11-01.17.33:903][  0]LogRenderer: Reallocating scene render targets to support 1208x576 (Frame:2).
[2016.10.11-01.17.34:759][  2]LogAssetRegistry: Asset discovery search completed in 108.3884 seconds
[2016.10.11-01.17.34:760][  2]LogCollectionManager: Rebuilt the object cache for 0 collections in 0.000000 seconds (found 0 objects)
[2016.10.11-01.17.34:760][  2]LogCollectionManager: Fixed up redirectors for 0 collections in 0.000021 seconds (updated 0 objects)
[2016.10.11-01.18.52:674][147]LogBlueprint:Warning: [Compiler DestructoMesh] Warning Variable side is marked as 'Expose on Spawn' but not marked as 'Editable'; please make it 'Editable'
[2016.10.11-01.18.52:751][147]LogBlueprint:Warning: [Compiler DestructoMesh] Warning 'Item' is already a 'Global Variable', you don't need  K2Node_DynamicCast_0 .
[2016.10.11-01.18.52:756][147]LogBlueprint:Warning: [Compiler DestructoMesh] Warning [0193.93] Compile of DestructoMesh successful, but with 2 Warning(s) [in 120 ms] (/Game/DestructoMesh.DestructoMesh)
[2016.10.11-01.18.52:813][147]LogBlueprint:Warning: [Compiler DestructoMesh] Warning Variable side is marked as 'Expose on Spawn' but not marked as 'Editable'; please make it 'Editable'
[2016.10.11-01.18.52:819][147]LogBlueprint:Warning: [Compiler DestructoMesh] Warning 'Item' is already a 'Global Variable', you don't need  K2Node_DynamicCast_0 .
[2016.10.11-01.18.52:824][147]LogBlueprint:Warning: [Compiler DestructoMesh] Warning [0194.00] Compile of DestructoMesh successful, but with 2 Warning(s) [in 18 ms] (/Game/DestructoMesh.DestructoMesh)
[2016.10.11-01.18.52:824][147]LogBlueprint:Warning: [Compiler DestructoMesh] Warning [0194.00] Compile of DestructoMesh successful, but with 3 Warning(s) [in 0 ms] (/Game/DestructoMesh.DestructoMesh)
[2016.10.11-01.18.52:825][147]LogBlueprint:Warning: [Compiler DestructoMesh] Warning [0194.00] Compile of DestructoMesh successful, but with 4 Warning(s) [in 1 ms] (/Game/DestructoMesh.DestructoMesh)
[2016.10.11-01.18.53:230][147]LogBlueprint:Warning: [Compiler DestructoMesh] Warning [0194.41] Compile of DestructoMesh successful, but with 5 Warning(s) [in 405 ms] (/Game/DestructoMesh.DestructoMesh)
[2016.10.11-01.18.53:230][147]LogBlueprint:Warning: [Compiler DestructoMesh] Warning [0194.41] Compile of DestructoMesh successful, but with 6 Warning(s) [in 0 ms] (/Game/DestructoMesh.DestructoMesh)
[2016.10.11-01.18.53:230][147]LogBlueprint:Warning: [Compiler DestructoMesh] Warning [0194.41] Compile of DestructoMesh successful, but with 7 Warning(s) [in 0 ms] (/Game/DestructoMesh.DestructoMesh)
[2016.10.11-01.18.55:516][211]LogContentBrowser: Native class hierarchy updated for 'BlueprintGraph' in 0.0008 seconds. Added 112 classes and 0 folders.
[2016.10.11-01.22.30:089][ 34]Cmd: OBJ SAVEPACKAGE PACKAGE="/Game/IceIceBaby/DestructibleGeo" FILE="../../../../../../Users/Christopher/Desktop/git_stuff/Polar_Rush/Content/IceIceBaby/DestructibleGeo.uasset" SILENT=true
[2016.10.11-01.22.30:208][ 34]LogSavePackage: Save=91.86ms
[2016.10.11-01.22.30:208][ 34]LogSavePackage: Moving '../../../../../../Users/Christopher/Desktop/git_stuff/Polar_Rush/Saved/DestructibleGeo24DE6DD1403F2F502A4D338F2C3CF692.tmp' to '../../../../../../Users/Christopher/Desktop/git_stuff/Polar_Rush/Content/IceIceBaby/DestructibleGeo.uasset'
[2016.10.11-01.22.30:227][ 34]LogSavePackage:Display: Finished SavePackage ../../../../../../Users/Christopher/Desktop/git_stuff/Polar_Rush/Content/IceIceBaby/DestructibleGeo.uasset
[2016.10.11-01.22.32:431][223]LogContentBrowser: Native class hierarchy updated for 'DestructibleMeshEditor' in 0.0004 seconds. Added 1 classes and 2 folders.
[2016.10.11-01.22.32:435][223]LogDestructible:Warning: MainMesh Tris: 246
[2016.10.11-01.22.32:567][223]LogApexDestructibleAssetImport:Warning: Using default materials for material slot
[2016.10.11-01.22.32:568][223]LogApexDestructibleAssetImport:Warning: Bones digested - 2  Depth of hierarchy - 2
[2016.10.11-01.22.32:604][223]LogSkeletalMesh: Section 0: 349 vertices, 1 active bones
[2016.10.11-01.22.32:625][223]LogSkeletalMesh: Section 0: Material=0, 246 triangles
[2016.10.11-01.22.32:670][223]LogMaterial:Warning: Material /Game/IceIceBaby/ice_Mat.ice_Mat needed to have new flag set bUsedWithSkeletalMesh !
[2016.10.11-01.22.32:705][223]LogMaterial: Missing cached shader map for material ice_Mat, compiling. 
[2016.10.11-01.22.32:954][223]LogMaterial: 0.02 seconds spent updating 1 materials, 1 interfaces, 0 instances, 0 with static permutations.
[2016.10.11-01.22.33:258][223]LogRenderer: Reallocating scene render targets to support 1208x924 (Frame:30779).
[2016.10.11-01.22.40:229][933]Cmd: TRANSACTION UNDO
[2016.10.11-01.22.40:229][933]LogEditorTransaction: Undo Edit Damage Threshold
[2016.10.11-01.22.45:717][514]LogDestructible:Warning: MainMesh Tris: 246
[2016.10.11-01.22.45:929][514]LogApexDestructibleAssetImport:Warning: Using default materials for material slot
[2016.10.11-01.22.45:930][514]LogApexDestructibleAssetImport:Warning: Bones digested - 27  Depth of hierarchy - 2
[2016.10.11-01.22.45:955][514]LogSkeletalMesh: Section 0: 2187 vertices, 26 active bones
[2016.10.11-01.22.45:956][514]LogSkeletalMesh: Section 1: 2693 vertices, 25 active bones
[2016.10.11-01.22.45:962][514]LogSkeletalMesh: Section 0: Material=0, 1817 triangles
[2016.10.11-01.22.45:962][514]LogSkeletalMesh: Section 1: Material=1, 2192 triangles
[2016.10.11-01.22.45:964][514]LogSkeletalMesh: UPhysicsAssetInstance::InitInstance : Could not find root physics body: SkeletalMesh
[2016.10.11-01.22.47:314][664]LogDestructible:Warning: MainMesh Tris: 246
[2016.10.11-01.22.47:478][664]LogApexDestructibleAssetImport:Warning: Using default materials for material slot
[2016.10.11-01.22.47:478][664]LogApexDestructibleAssetImport:Warning: Bones digested - 27  Depth of hierarchy - 2
[2016.10.11-01.22.47:500][664]LogSkeletalMesh: Section 0: 2187 vertices, 26 active bones
[2016.10.11-01.22.47:500][664]LogSkeletalMesh: Section 1: 2693 vertices, 25 active bones
[2016.10.11-01.22.47:506][664]LogSkeletalMesh: Section 0: Material=0, 1817 triangles
[2016.10.11-01.22.47:506][664]LogSkeletalMesh: Section 1: Material=1, 2192 triangles
[2016.10.11-01.22.47:508][664]LogSkeletalMesh: UPhysicsAssetInstance::InitInstance : Could not find root physics body: SkeletalMesh
[2016.10.11-01.22.47:649][678]LogDestructible:Warning: MainMesh Tris: 246
[2016.10.11-01.22.47:811][678]LogApexDestructibleAssetImport:Warning: Using default materials for material slot
[2016.10.11-01.22.47:812][678]LogApexDestructibleAssetImport:Warning: Bones digested - 27  Depth of hierarchy - 2
[2016.10.11-01.22.47:834][678]LogSkeletalMesh: Section 0: 2187 vertices, 26 active bones
[2016.10.11-01.22.47:834][678]LogSkeletalMesh: Section 1: 2693 vertices, 25 active bones
[2016.10.11-01.22.47:838][678]LogSkeletalMesh: Section 0: Material=0, 1817 triangles
[2016.10.11-01.22.47:838][678]LogSkeletalMesh: Section 1: Material=1, 2192 triangles
[2016.10.11-01.22.47:839][678]LogSkeletalMesh: UPhysicsAssetInstance::InitInstance : Could not find root physics body: SkeletalMesh
[2016.10.11-01.27.31:410][296]LogFileHelpers: Editor autosave (incl. sublevels) for '/Game/ThirdPersonBP/Maps/ThirdPersonExampleMap' took 0.015
[2016.10.11-01.27.31:423][296]OBJ SavePackage: Generating thumbnails for [1] asset(s) in package [/Game/IceIceBaby/ice_Mat] ([1] browsable assets)...
[2016.10.11-01.27.31:438][296]OBJ SavePackage:     Rendered thumbnail for [Material /Game/IceIceBaby/ice_Mat.ice_Mat]
[2016.10.11-01.27.31:438][296]OBJ SavePackage: Finished generating thumbnails for package [/Game/IceIceBaby/ice_Mat]
[2016.10.11-01.27.31:542][296]LogSavePackage: Save=66.18ms
[2016.10.11-01.27.31:542][296]LogSavePackage: Moving '../../../../../../Users/Christopher/Desktop/git_stuff/Polar_Rush/Saved/ice_Mat_Auto1BFAD9D7E49C7E50560EB7788A21BD8BE.tmp' to '../../../../../../Users/Christopher/Desktop/git_stuff/Polar_Rush/Saved/Autosaves/Game/IceIceBaby/ice_Mat_Auto1.uasset'
[2016.10.11-01.27.31:552][296]LogSavePackage:Display: Finished SavePackage ../../../../../../Users/Christopher/Desktop/git_stuff/Polar_Rush/Saved/Autosaves/Game/IceIceBaby/ice_Mat_Auto1.uasset
[2016.10.11-01.27.31:553][296]OBJ SavePackage: Generating thumbnails for [1] asset(s) in package [/Game/DestructoMesh] ([1] browsable assets)...
[2016.10.11-01.27.31:568][296]OBJ SavePackage:     Rendered thumbnail for [Blueprint /Game/DestructoMesh.DestructoMesh]
[2016.10.11-01.27.31:568][296]OBJ SavePackage: Finished generating thumbnails for package [/Game/DestructoMesh]
[2016.10.11-01.27.31:568][296]Cmd: OBJ SAVEPACKAGE PACKAGE="/Game/DestructoMesh" FILE="../../../../../../Users/Christopher/Desktop/git_stuff/Polar_Rush/Saved/Autosaves/Game/DestructoMesh_Auto1.uasset" SILENT=false AUTOSAVING=true
[2016.10.11-01.27.31:647][296]LogSavePackage: Save=76.84ms
[2016.10.11-01.27.31:647][296]LogSavePackage: Moving '../../../../../../Users/Christopher/Desktop/git_stuff/Polar_Rush/Saved/DestructoMesh_Auto1723EDB1A4CC1313A6D7DFABB0727753C.tmp' to '../../../../../../Users/Christopher/Desktop/git_stuff/Polar_Rush/Saved/Autosaves/Game/DestructoMesh_Auto1.uasset'
[2016.10.11-01.27.31:649][296]LogSavePackage:Display: Finished SavePackage ../../../../../../Users/Christopher/Desktop/git_stuff/Polar_Rush/Saved/Autosaves/Game/DestructoMesh_Auto1.uasset
[2016.10.11-01.27.31:654][296]LogSavePackage: Save=3.25ms
[2016.10.11-01.27.31:654][296]LogSavePackage: Moving '../../../../../../Users/Christopher/Desktop/git_stuff/Polar_Rush/Saved/geo_ice6_Auto161CEFCF04418157FF188FB9D9B21832A.tmp' to '../../../../../../Users/Christopher/Desktop/git_stuff/Polar_Rush/Saved/Autosaves/Game/IceIceBaby/geo_ice6_Auto1.uasset'
[2016.10.11-01.27.31:656][296]LogSavePackage:Display: Finished SavePackage ../../../../../../Users/Christopher/Desktop/git_stuff/Polar_Rush/Saved/Autosaves/Game/IceIceBaby/geo_ice6_Auto1.uasset
[2016.10.11-01.27.31:656][296]OBJ SavePackage: Generating thumbnails for [1] asset(s) in package [/Game/IceIceBaby/DestructibleGeo_DM] ([1] browsable assets)...
[2016.10.11-01.27.31:670][296]OBJ SavePackage:     Rendered thumbnail for [DestructibleMesh /Game/IceIceBaby/DestructibleGeo_DM.DestructibleGeo_DM]
[2016.10.11-01.27.31:670][296]OBJ SavePackage: Finished generating thumbnails for package [/Game/IceIceBaby/DestructibleGeo_DM]
[2016.10.11-01.27.31:768][296]LogSavePackage: Save=96.69ms
[2016.10.11-01.27.31:768][296]LogSavePackage: Moving '../../../../../../Users/Christopher/Desktop/git_stuff/Polar_Rush/Saved/DestructibleGeo_DM_Auto10CEAB6814654069F30D86F831F1C2112.tmp' to '../../../../../../Users/Christopher/Desktop/git_stuff/Polar_Rush/Saved/Autosaves/Game/IceIceBaby/DestructibleGeo_DM_Auto1.uasset'
[2016.10.11-01.27.31:770][296]LogSavePackage:Display: Finished SavePackage ../../../../../../Users/Christopher/Desktop/git_stuff/Polar_Rush/Saved/Autosaves/Game/IceIceBaby/DestructibleGeo_DM_Auto1.uasset
[2016.10.11-01.27.31:770][296]LogFileHelpers: Auto-saving content packages took 0.360
[2016.10.11-01.43.28:172][159]Cmd: OBJ SAVEPACKAGE PACKAGE="/Game/DestructoMesh" FILE="../../../../../../Users/Christopher/Desktop/git_stuff/Polar_Rush/Content/DestructoMesh.uasset" SILENT=true
[2016.10.11-01.43.28:237][159]LogSavePackage: Save=63.65ms
[2016.10.11-01.43.28:237][159]LogSavePackage: Moving '../../../../../../Users/Christopher/Desktop/git_stuff/Polar_Rush/Saved/DestructoMesh288007BA41D69E42593C7C8DD650DBC4.tmp' to '../../../../../../Users/Christopher/Desktop/git_stuff/Polar_Rush/Content/DestructoMesh.uasset'
[2016.10.11-01.43.28:243][159]LogSavePackage:Display: Finished SavePackage ../../../../../../Users/Christopher/Desktop/git_stuff/Polar_Rush/Content/DestructoMesh.uasset
[2016.10.11-01.43.28:290][159]Cmd: OBJ SAVEPACKAGE PACKAGE="/Game/IceIceBaby/DestructibleGeo_DM" FILE="../../../../../../Users/Christopher/Desktop/git_stuff/Polar_Rush/Content/IceIceBaby/DestructibleGeo_DM.uasset" SILENT=true
[2016.10.11-01.43.28:328][159]LogSavePackage: Save=36.88ms
[2016.10.11-01.43.28:328][159]LogSavePackage: Moving '../../../../../../Users/Christopher/Desktop/git_stuff/Polar_Rush/Saved/DestructibleGeo_DMAA9A4FA04203C572D687D8B335CA89B3.tmp' to '../../../../../../Users/Christopher/Desktop/git_stuff/Polar_Rush/Content/IceIceBaby/DestructibleGeo_DM.uasset'
[2016.10.11-01.43.28:332][159]LogSavePackage:Display: Finished SavePackage ../../../../../../Users/Christopher/Desktop/git_stuff/Polar_Rush/Content/IceIceBaby/DestructibleGeo_DM.uasset
[2016.10.11-01.43.28:335][159]Cmd: OBJ SAVEPACKAGE PACKAGE="/Game/IceIceBaby/geo_ice6" FILE="../../../../../../Users/Christopher/Desktop/git_stuff/Polar_Rush/Content/IceIceBaby/geo_ice6.uasset" SILENT=true
[2016.10.11-01.43.28:340][159]LogSavePackage: Save=3.20ms
[2016.10.11-01.43.28:340][159]LogSavePackage: Moving '../../../../../../Users/Christopher/Desktop/git_stuff/Polar_Rush/Saved/geo_ice68A3ECB6344DE0F5064D0FBB3A2E7D05C.tmp' to '../../../../../../Users/Christopher/Desktop/git_stuff/Polar_Rush/Content/IceIceBaby/geo_ice6.uasset'
[2016.10.11-01.43.28:344][159]LogSavePackage:Display: Finished SavePackage ../../../../../../Users/Christopher/Desktop/git_stuff/Polar_Rush/Content/IceIceBaby/geo_ice6.uasset
[2016.10.11-01.43.28:347][159]Cmd: OBJ SAVEPACKAGE PACKAGE="/Game/IceIceBaby/ice_Mat" FILE="../../../../../../Users/Christopher/Desktop/git_stuff/Polar_Rush/Content/IceIceBaby/ice_Mat.uasset" SILENT=true
[2016.10.11-01.43.28:360][159]LogSavePackage: Save=7.14ms
[2016.10.11-01.43.28:360][159]LogSavePackage: Moving '../../../../../../Users/Christopher/Desktop/git_stuff/Polar_Rush/Saved/ice_Mat8F38741E4199D36C750FC9B051D972F4.tmp' to '../../../../../../Users/Christopher/Desktop/git_stuff/Polar_Rush/Content/IceIceBaby/ice_Mat.uasset'
[2016.10.11-01.43.28:362][159]LogSavePackage:Display: Finished SavePackage ../../../../../../Users/Christopher/Desktop/git_stuff/Polar_Rush/Content/IceIceBaby/ice_Mat.uasset
[2016.10.11-01.43.28:579][159]LogWindowsTextInputMethodSystem:Display: IME system now deactivated.
[2016.10.11-01.43.28:835][160]Cmd: QUIT_EDITOR
[2016.10.11-01.43.28:898][160]LogExit: Preparing to exit.
[2016.10.11-01.43.29:890][160]LogDirectoryWatcher: A directory notification for 'C:/Users/Christopher/Desktop/git_stuff/Polar_Rush/Content/' was aborted.
[2016.10.11-01.43.30:045][160]LogExit: Editor shut down
[2016.10.11-01.43.30:046][160]LogExit: Transaction tracking system shut down
[2016.10.11-01.43.30:294][160]LogObj: Freed 0b from 0 cluster array pools.
[2016.10.11-01.43.30:295][160]LogExit: Object subsystem successfully closed.
[2016.10.11-01.43.30:312][160]LogD3D11RHI: Shutdown
[2016.10.11-01.43.30:312][160]LogD3D11RHI: CleanupD3DDevice
[2016.10.11-01.43.30:428][160]LogD3D11RHI: ~FD3D11DynamicRHI
[2016.10.11-01.43.30:514][160]LogModuleManager: Shutting down and abandoning module DestructibleMeshEditor (236)
[2016.10.11-01.43.30:514][160]LogModuleManager: Shutting down and abandoning module BlueprintGraph (235)
[2016.10.11-01.43.30:514][160]LogModuleManager: Shutting down and abandoning module BlueprintProfiler (234)
[2016.10.11-01.43.30:522][160]LogModuleManager: Shutting down and abandoning module HierarchicalLODOutliner (233)
[2016.10.11-01.43.30:522][160]LogModuleManager: Shutting down and abandoning module CrashTracker (232)
[2016.10.11-01.43.30:522][160]LogModuleManager: Shutting down and abandoning module SceneOutliner (231)
[2016.10.11-01.43.30:522][160]LogModuleManager: Shutting down and abandoning module WidgetCarousel (230)
[2016.10.11-01.43.30:522][160]LogModuleManager: Shutting down and abandoning module AddContentDialog (229)
[2016.10.11-01.43.30:523][160]LogDirectoryWatcher: A directory notification for 'C:/Program Files (x86)/Epic Games/4.13/FeaturePacks/' was aborted.
[2016.10.11-01.43.30:528][160]LogModuleManager: Shutting down and abandoning module GameplayTags (228)
[2016.10.11-01.43.30:528][160]LogModuleManager: Shutting down and abandoning module EditorWidgets (227)
[2016.10.11-01.43.30:528][160]LogModuleManager: Shutting down and abandoning module CollectionManager (226)
[2016.10.11-01.43.30:528][160]LogDirectoryWatcher: A directory notification for 'C:/Users/Christopher/Desktop/git_stuff/Polar_Rush/Content/Collections/' was aborted.
[2016.10.11-01.43.30:528][160]LogDirectoryWatcher: A directory notification for 'C:/Users/Christopher/Desktop/git_stuff/Polar_Rush/Content/Developers/Christopher/Collections/' was aborted.
[2016.10.11-01.43.30:528][160]LogDirectoryWatcher: A directory notification for 'C:/Users/Christopher/Desktop/git_stuff/Polar_Rush/Saved/Collections/' was aborted.
[2016.10.11-01.43.30:528][160]LogModuleManager: Shutting down and abandoning module StatsViewer (225)
[2016.10.11-01.43.30:528][160]LogModuleManager: Shutting down and abandoning module FoliageEdit (224)
[2016.10.11-01.43.30:528][160]LogModuleManager: Shutting down and abandoning module LandscapeEditor (223)
[2016.10.11-01.43.30:529][160]LogModuleManager: Shutting down and abandoning module SceneDepthPickerMode (222)
[2016.10.11-01.43.30:529][160]LogModuleManager: Shutting down and abandoning module ActorPickerMode (221)
[2016.10.11-01.43.30:529][160]LogModuleManager: Shutting down and abandoning module GeometryMode (220)
[2016.10.11-01.43.30:529][160]LogModuleManager: Shutting down and abandoning module TextureAlignMode (219)
[2016.10.11-01.43.30:529][160]LogModuleManager: Shutting down and abandoning module BspMode (218)
[2016.10.11-01.43.30:529][160]LogModuleManager: Shutting down and abandoning module HardwareSurvey (217)
[2016.10.11-01.43.30:529][160]LogModuleManager: Shutting down and abandoning module SequenceRecorderSections (216)
[2016.10.11-01.43.30:529][160]LogModuleManager: Shutting down and abandoning module SequenceRecorder (215)
[2016.10.11-01.43.30:529][160]LogModuleManager: Shutting down and abandoning module AutomationWorker (214)
[2016.10.11-01.43.30:529][160]LogModuleManager: Shutting down and abandoning module MatineeToLevelSequence (213)
[2016.10.11-01.43.30:529][160]LogModuleManager: Shutting down and abandoning module PlacementMode (212)
[2016.10.11-01.43.30:529][160]LogModuleManager: Shutting down and abandoning module LevelSequenceEditor (211)
[2016.10.11-01.43.30:529][160]LogModuleManager: Shutting down and abandoning module WmfMediaFactory (210)
[2016.10.11-01.43.30:529][160]LogModuleManager: Shutting down and abandoning module WmfMediaEditor (209)
[2016.10.11-01.43.30:529][160]LogModuleManager: Shutting down and abandoning module AvfMediaFactory (208)
[2016.10.11-01.43.30:529][160]LogModuleManager: Shutting down and abandoning module AvfMediaEditor (207)
[2016.10.11-01.43.30:529][160]LogModuleManager: Shutting down and abandoning module Media (206)
[2016.10.11-01.43.30:529][160]LogModuleManager: Shutting down and abandoning module AndroidMediaFactory (205)
[2016.10.11-01.43.30:529][160]LogModuleManager: Shutting down and abandoning module AndroidMediaEditor (204)
[2016.10.11-01.43.30:529][160]LogModuleManager: Shutting down and abandoning module CharacterAI (203)
[2016.10.11-01.43.30:529][160]LogModuleManager: Shutting down and abandoning module SmartSnapping (202)
[2016.10.11-01.43.30:529][160]LogModuleManager: Shutting down and abandoning module SessionServices (201)
[2016.10.11-01.43.30:529][160]LogModuleManager: Shutting down and abandoning module ViewportSnapping (200)
[2016.10.11-01.43.30:529][160]LogModuleManager: Shutting down and abandoning module ViewportInteraction (199)
[2016.10.11-01.43.30:529][160]LogModuleManager: Shutting down and abandoning module LogVisualizer (198)
[2016.10.11-01.43.30:529][160]LogModuleManager: Shutting down and abandoning module GameProjectGeneration (197)
[2016.10.11-01.43.30:529][160]LogModuleManager: Shutting down and abandoning module IntroTutorials (196)
[2016.10.11-01.43.30:529][160]LogModuleManager: Shutting down and abandoning module EditorLiveStreaming (195)
[2016.10.11-01.43.30:529][160]LogModuleManager: Shutting down and abandoning module IOSPlatformEditor (194)
[2016.10.11-01.43.30:529][160]LogModuleManager: Shutting down and abandoning module HTML5PlatformEditor (193)
[2016.10.11-01.43.30:529][160]LogModuleManager: Shutting down and abandoning module AndroidDeviceDetection (192)
[2016.10.11-01.43.31:434][160]LogModuleManager: Shutting down and abandoning module AndroidPlatformEditor (191)
[2016.10.11-01.43.31:434][160]LogModuleManager: Shutting down and abandoning module IOSRuntimeSettings (190)
[2016.10.11-01.43.31:434][160]LogModuleManager: Shutting down and abandoning module AndroidRuntimeSettings (189)
[2016.10.11-01.43.31:434][160]LogModuleManager: Shutting down and abandoning module NiagaraEditor (188)
[2016.10.11-01.43.31:434][160]LogModuleManager: Shutting down and abandoning module MergeActors (187)
[2016.10.11-01.43.31:434][160]LogModuleManager: Shutting down and abandoning module SizeMap (186)
[2016.10.11-01.43.31:434][160]LogModuleManager: Shutting down and abandoning module TreeMap (185)
[2016.10.11-01.43.31:434][160]LogModuleManager: Shutting down and abandoning module ReferenceViewer (184)
[2016.10.11-01.43.31:434][160]LogModuleManager: Shutting down and abandoning module LocalizationService (183)
[2016.10.11-01.43.31:434][160]LogModuleManager: Shutting down and abandoning module LocalizationDashboard (182)
[2016.10.11-01.43.31:435][160]LogModuleManager: Shutting down and abandoning module HardwareTargeting (181)
[2016.10.11-01.43.31:435][160]LogModuleManager: Shutting down and abandoning module DeviceProfileEditor (180)
[2016.10.11-01.43.31:435][160]LogModuleManager: Shutting down and abandoning module UndoHistory (179)
[2016.10.11-01.43.31:435][160]LogModuleManager: Shutting down and abandoning module UserFeedback (178)
[2016.10.11-01.43.31:435][160]LogModuleManager: Shutting down and abandoning module XmlParser (177)
[2016.10.11-01.43.31:435][160]LogModuleManager: Shutting down and abandoning module Blutility (176)
[2016.10.11-01.43.31:435][160]LogModuleManager: Shutting down and abandoning module ProjectTargetPlatformEditor (175)
[2016.10.11-01.43.31:435][160]LogModuleManager: Shutting down and abandoning module ProjectSettingsViewer (174)
[2016.10.11-01.43.31:435][160]LogModuleManager: Shutting down and abandoning module InputBindingEditor (173)
[2016.10.11-01.43.31:435][160]LogModuleManager: Shutting down and abandoning module EditorSettingsViewer (172)
[2016.10.11-01.43.31:435][160]LogModuleManager: Shutting down and abandoning module SettingsEditor (171)
[2016.10.11-01.43.31:435][160]LogModuleManager: Shutting down and abandoning module ProjectLauncher (170)
[2016.10.11-01.43.31:435][160]LogModuleManager: Shutting down and abandoning module SessionFrontend (169)
[2016.10.11-01.43.31:435][160]LogModuleManager: Shutting down and abandoning module ProfilerClient (168)
[2016.10.11-01.43.31:435][160]LogModuleManager: Shutting down and abandoning module TargetDeviceServices (167)
[2016.10.11-01.43.31:435][160]LogModuleManager: Shutting down and abandoning module DeviceManager (166)
[2016.10.11-01.43.31:500][160]LogModuleManager: Shutting down and abandoning module AutomationController (165)
[2016.10.11-01.43.31:500][160]LogModuleManager: Shutting down and abandoning module AutomationWindow (164)
[2016.10.11-01.43.31:500][160]LogModuleManager: Shutting down and abandoning module Layers (163)
[2016.10.11-01.43.31:500][160]LogModuleManager: Shutting down and abandoning module ComponentVisualizers (162)
[2016.10.11-01.43.31:500][160]LogModuleManager: Shutting down and abandoning module DetailCustomizations (161)
[2016.10.11-01.43.31:500][160]LogModuleManager: Shutting down and abandoning module PackagesDialog (160)
[2016.10.11-01.43.31:500][160]LogModuleManager: Shutting down and abandoning module AnimGraph (159)
[2016.10.11-01.43.31:500][160]LogModuleManager: Shutting down and abandoning module Persona (158)
[2016.10.11-01.43.31:500][160]LogModuleManager: Shutting down and abandoning module Kismet (157)
[2016.10.11-01.43.31:507][160]LogModuleManager: Shutting down and abandoning module GraphEditor (156)
[2016.10.11-01.43.31:507][160]LogModuleManager: Shutting down and abandoning module ClassViewer (155)
[2016.10.11-01.43.31:507][160]LogModuleManager: Shutting down and abandoning module Toolbox (154)
[2016.10.11-01.43.31:507][160]LogModuleManager: Shutting down and abandoning module ModuleUI (153)
[2016.10.11-01.43.31:507][160]LogModuleManager: Shutting down and abandoning module MovieSceneTools (152)
[2016.10.11-01.43.31:507][160]LogModuleManager: Shutting down and abandoning module OutputLog (151)
[2016.10.11-01.43.31:507][160]LogModuleManager: Shutting down and abandoning module GammaUI (150)
[2016.10.11-01.43.31:507][160]LogModuleManager: Shutting down and abandoning module Documentation (149)
[2016.10.11-01.43.31:507][160]LogModuleManager: Shutting down and abandoning module Niagara (148)
[2016.10.11-01.43.31:507][160]LogModuleManager: Shutting down and abandoning module StreamingPauseRendering (147)
[2016.10.11-01.43.31:507][160]LogModuleManager: Shutting down and abandoning module AnalyticsET (146)
[2016.10.11-01.43.31:507][160]LogModuleManager: Shutting down and abandoning module PortalServices (145)
[2016.10.11-01.43.31:507][160]LogModuleManager: Shutting down and abandoning module PortalRpc (144)
[2016.10.11-01.43.31:507][160]LogModuleManager: Shutting down and abandoning module MessagingRpc (143)
[2016.10.11-01.43.31:507][160]LogModuleManager: Shutting down and abandoning module GameplayDebugger (142)
[2016.10.11-01.43.31:507][160]LogModuleManager: Shutting down and abandoning module AITestSuite (141)
[2016.10.11-01.43.31:507][160]LogModuleManager: Shutting down and abandoning module AIModule (140)
[2016.10.11-01.43.31:507][160]LogModuleManager: Shutting down and abandoning module ProfilerService (139)
[2016.10.11-01.43.31:713][160]LogModuleManager: Shutting down and abandoning module TaskGraph (138)
[2016.10.11-01.43.31:713][160]LogModuleManager: Shutting down and abandoning module SlateRemote (137)
[2016.10.11-01.43.31:713][160]LogModuleManager: Shutting down and abandoning module SteamVRController (136)
[2016.10.11-01.43.31:713][160]LogModuleManager: Shutting down and abandoning module SteamVR (135)
[2016.10.11-01.43.31:713][160]LogModuleManager: Shutting down and abandoning module ProceduralMeshComponentEditor (134)
[2016.10.11-01.43.31:713][160]LogModuleManager: Shutting down and abandoning module ProceduralMeshComponent (133)
[2016.10.11-01.43.31:713][160]LogModuleManager: Shutting down and abandoning module OculusLibrary (132)
[2016.10.11-01.43.31:713][160]LogModuleManager: Shutting down and abandoning module OculusInput (131)
[2016.10.11-01.43.31:713][160]LogModuleManager: Shutting down and abandoning module CustomMeshComponent (130)
[2016.10.11-01.43.31:713][160]LogModuleManager: Shutting down and abandoning module CableComponent (129)
[2016.10.11-01.43.31:713][160]LogModuleManager: Shutting down and abandoning module ArchVisCharacter (128)
[2016.10.11-01.43.31:713][160]LogModuleManager: Shutting down and abandoning module MediaPlayerEditor (126)
[2016.10.11-01.43.31:713][160]LogModuleManager: Shutting down and abandoning module HTML5Networking (125)
[2016.10.11-01.43.31:713][160]LogModuleManager: Shutting down and abandoning module GeometryCacheEd (124)
[2016.10.11-01.43.31:713][160]LogModuleManager: Shutting down and abandoning module GeometryCache (123)
[2016.10.11-01.43.31:713][160]LogModuleManager: Shutting down and abandoning module AlembicLibrary (122)
[2016.10.11-01.43.31:713][160]LogModuleManager: Shutting down and abandoning module AlembicImporter (121)
[2016.10.11-01.43.31:713][160]LogModuleManager: Shutting down and abandoning module SuperSearch (120)
[2016.10.11-01.43.31:713][160]LogModuleManager: Shutting down and abandoning module SuperSearchEditor (119)
[2016.10.11-01.43.31:713][160]LogModuleManager: Shutting down and abandoning module SpeedTreeImporter (118)
[2016.10.11-01.43.31:713][160]LogModuleManager: Shutting down and abandoning module PluginBrowser (117)
[2016.10.11-01.43.31:714][160]LogModuleManager: Shutting down and abandoning module MobileLauncherProfileWizard (116)
[2016.10.11-01.43.31:714][160]LogModuleManager: Shutting down and abandoning module EpicSurvey (115)
[2016.10.11-01.43.31:714][160]LogModuleManager: Shutting down and abandoning module DesktopPlatform (114)
[2016.10.11-01.43.31:714][160]LogModuleManager: Shutting down and abandoning module VisualStudioSourceCodeAccess (113)
[2016.10.11-01.43.31:714][160]LogModuleManager: Shutting down and abandoning module UObjectPlugin (112)
[2016.10.11-01.43.31:714][160]LogModuleManager: Shutting down and abandoning module SubversionSourceControl (111)
[2016.10.11-01.43.31:714][160]LogModuleManager: Shutting down and abandoning module PerforceSourceControl (110)
[2016.10.11-01.43.31:714][160]LogModuleManager: Shutting down and abandoning module SourceControl (109)
[2016.10.11-01.43.31:714][160]LogModuleManager: Shutting down and abandoning module GitSourceControl (108)
[2016.10.11-01.43.31:714][160]LogModuleManager: Shutting down and abandoning module LightPropagationVolumeEditor (107)
[2016.10.11-01.43.31:714][160]LogModuleManager: Shutting down and abandoning module PaperTiledImporter (106)
[2016.10.11-01.43.31:714][160]LogModuleManager: Shutting down and abandoning module PaperSpriteSheetImporter (105)
[2016.10.11-01.43.31:714][160]LogModuleManager: Shutting down and abandoning module MeshPaint (104)
[2016.10.11-01.43.31:714][160]LogModuleManager: Shutting down and abandoning module FbxAutomationBuilderModule (103)
[2016.10.11-01.43.31:714][160]LogModuleManager: Shutting down and abandoning module PixelInspectorModule (102)
[2016.10.11-01.43.31:714][160]LogModuleManager: Shutting down and abandoning module HotReload (101)
[2016.10.11-01.43.31:715][160]LogModuleManager: Shutting down and abandoning module MainFrame (100)
[2016.10.11-01.43.31:715][160]LogModuleManager: Shutting down and abandoning module LevelEditor (99)
[2016.10.11-01.43.31:716][160]LogModuleManager: Shutting down and abandoning module ContentBrowser (98)
[2016.10.11-01.43.31:718][160]LogModuleManager: Shutting down and abandoning module Paper2DEditor (97)
[2016.10.11-01.43.31:718][160]LogModuleManager: Shutting down and abandoning module UdpMessaging (96)
[2016.10.11-01.43.31:819][160]LogModuleManager: Shutting down and abandoning module TcpMessaging (95)
[2016.10.11-01.43.31:920][160]LogModuleManager: Shutting down and abandoning module LightPropagationVolumeRuntime (94)
[2016.10.11-01.43.31:920][160]LogModuleManager: Shutting down and abandoning module Paper2D (93)
[2016.10.11-01.43.31:920][160]LogModuleManager: Shutting down and abandoning module WindowsMoviePlayer (92)
[2016.10.11-01.43.31:920][160]LogModuleManager: Shutting down and abandoning module WmfMedia (91)
[2016.10.11-01.43.31:920][160]LogModuleManager: Shutting down and abandoning module MediaAssets (90)
[2016.10.11-01.43.31:920][160]LogModuleManager: Shutting down and abandoning module GameLiveStreaming (89)
[2016.10.11-01.43.31:920][160]LogModuleManager: Shutting down and abandoning module GameplayTagsEditor (88)
[2016.10.11-01.43.31:920][160]LogModuleManager: Shutting down and abandoning module VREditor (87)
[2016.10.11-01.43.31:920][160]LogModuleManager: Shutting down and abandoning module GameplayTasksEditor (86)
[2016.10.11-01.43.31:920][160]LogModuleManager: Shutting down and abandoning module PropertyEditor (85)
[2016.10.11-01.43.31:920][160]LogModuleManager: Shutting down and abandoning module BehaviorTreeEditor (84)
[2016.10.11-01.43.31:920][160]LogModuleManager: Shutting down and abandoning module FunctionalTesting (83)
[2016.10.11-01.43.31:920][160]LogModuleManager: Shutting down and abandoning module CollisionAnalyzer (82)
[2016.10.11-01.43.31:920][160]LogModuleManager: Shutting down and abandoning module Sequencer (81)
[2016.10.11-01.43.31:920][160]LogModuleManager: Shutting down and abandoning module WorkspaceMenuStructure (80)
[2016.10.11-01.43.31:921][160]LogModuleManager: Shutting down and abandoning module MessageLog (79)
[2016.10.11-01.43.31:921][160]LogModuleManager: Shutting down and abandoning module AssetTools (78)
[2016.10.11-01.43.31:921][160]LogModuleManager: Shutting down and abandoning module UMGEditor (77)
[2016.10.11-01.43.31:921][160]LogModuleManager: Shutting down and abandoning module UMG (76)
[2016.10.11-01.43.31:921][160]LogModuleManager: Shutting down and abandoning module SlateReflector (75)
[2016.10.11-01.43.31:921][160]LogModuleManager: Shutting down and abandoning module Slate (74)
[2016.10.11-01.43.31:921][160]LogModuleManager: Shutting down and abandoning module EditorStyle (73)
[2016.10.11-01.43.31:923][160]LogModuleManager: Shutting down and abandoning module SourceCodeAccess (72)
[2016.10.11-01.43.31:923][160]LogModuleManager: Shutting down and abandoning module HeadMountedDisplay (71)
[2016.10.11-01.43.31:923][160]LogModuleManager: Shutting down and abandoning module XAudio2 (70)
[2016.10.11-01.43.31:923][160]LogModuleManager: Shutting down and abandoning module Networking (68)
[2016.10.11-01.43.31:923][160]LogModuleManager: Shutting down and abandoning module Core (67)
[2016.10.11-01.43.31:923][160]LogModuleManager: Shutting down and abandoning module DirectoryWatcher (66)
[2016.10.11-01.43.31:923][160]LogDirectoryWatcher: A directory notification for '../../../Engine/Content/' was aborted.
[2016.10.11-01.43.31:924][160]LogDirectoryWatcher: A directory notification for '../../../../../../Users/Christopher/Desktop/git_stuff/Polar_Rush/Content/' was aborted.
[2016.10.11-01.43.31:924][160]LogDirectoryWatcher: A directory notification for '../../../Engine/Plugins/2D/Paper2D/Content/' was aborted.
[2016.10.11-01.43.31:927][160]LogModuleManager: Shutting down and abandoning module AssetRegistry (65)
[2016.10.11-01.43.32:079][160]LogModuleManager: Shutting down and abandoning module KismetCompiler (64)
[2016.10.11-01.43.32:079][160]LogModuleManager: Shutting down and abandoning module PhysXFormats (63)
[2016.10.11-01.43.32:079][160]LogModuleManager: Shutting down and abandoning module MeshUtilities (62)
[2016.10.11-01.43.32:079][160]LogModuleManager: Shutting down and abandoning module DerivedDataCache (61)
[2016.10.11-01.43.32:093][160]LogDerivedDataCache: Shutdown
[2016.10.11-01.43.32:093][160]LogModuleManager: Shutting down and abandoning module VulkanShaderFormat (60)
[2016.10.11-01.43.32:093][160]LogModuleManager: Shutting down and abandoning module ShaderFormatOpenGL (59)
[2016.10.11-01.43.32:093][160]LogModuleManager: Shutting down and abandoning module ShaderFormatD3D (58)
[2016.10.11-01.43.32:093][160]LogModuleManager: Shutting down and abandoning module MetalShaderFormat (57)
[2016.10.11-01.43.32:093][160]LogModuleManager: Shutting down and abandoning module TextureFormatUncompressed (56)
[2016.10.11-01.43.32:093][160]LogModuleManager: Shutting down and abandoning module TextureFormatPVR (55)
[2016.10.11-01.43.32:093][160]LogModuleManager: Shutting down and abandoning module TextureFormatDXT (54)
[2016.10.11-01.43.32:093][160]LogModuleManager: Shutting down and abandoning module TextureFormatIntelISPCTexComp (53)
[2016.10.11-01.43.32:093][160]LogModuleManager: Shutting down and abandoning module ImageWrapper (52)
[2016.10.11-01.43.32:093][160]LogModuleManager: Shutting down and abandoning module TextureFormatASTC (51)
[2016.10.11-01.43.32:093][160]LogModuleManager: Shutting down and abandoning module TextureFormatAndroid (50)
[2016.10.11-01.43.32:093][160]LogModuleManager: Shutting down and abandoning module AudioFormatOpus (49)
[2016.10.11-01.43.32:093][160]LogModuleManager: Shutting down and abandoning module AudioFormatOgg (48)
[2016.10.11-01.43.32:093][160]LogModuleManager: Shutting down and abandoning module AudioFormatADPCM (47)
[2016.10.11-01.43.32:093][160]LogModuleManager: Shutting down and abandoning module LinuxTargetPlatform (46)
[2016.10.11-01.43.32:093][160]LogModuleManager: Shutting down and abandoning module LinuxServerTargetPlatform (45)
[2016.10.11-01.43.32:093][160]LogModuleManager: Shutting down and abandoning module LinuxNoEditorTargetPlatform (44)
[2016.10.11-01.43.32:093][160]LogModuleManager: Shutting down and abandoning module LinuxClientTargetPlatform (43)
[2016.10.11-01.43.32:093][160]LogModuleManager: Shutting down and abandoning module TVOSTargetPlatform (42)
[2016.10.11-01.43.32:093][160]LogModuleManager: Shutting down and abandoning module Messaging (41)
[2016.10.11-01.43.32:093][160]LogModuleManager: Shutting down and abandoning module IOSTargetPlatform (40)
[2016.10.11-01.43.32:093][160]LogModuleManager: Shutting down and abandoning module HTML5TargetPlatform (39)
[2016.10.11-01.43.32:093][160]LogModuleManager: Shutting down and abandoning module Android_PVRTCTargetPlatform (38)
[2016.10.11-01.43.32:093][160]LogModuleManager: Shutting down and abandoning module Android_MultiTargetPlatform (37)
[2016.10.11-01.43.32:093][160]LogModuleManager: Shutting down and abandoning module Android_ETC2TargetPlatform (36)
[2016.10.11-01.43.32:093][160]LogModuleManager: Shutting down and abandoning module Android_ETC1TargetPlatform (35)
[2016.10.11-01.43.32:093][160]LogModuleManager: Shutting down and abandoning module Android_DXTTargetPlatform (34)
[2016.10.11-01.43.32:093][160]LogModuleManager: Shutting down and abandoning module Android_ATCTargetPlatform (33)
[2016.10.11-01.43.32:093][160]LogModuleManager: Shutting down and abandoning module Android_ASTCTargetPlatform (32)
[2016.10.11-01.43.32:093][160]LogModuleManager: Shutting down and abandoning module AndroidTargetPlatform (31)
[2016.10.11-01.43.32:093][160]LogModuleManager: Shutting down and abandoning module WindowsTargetPlatform (30)
[2016.10.11-01.43.32:094][160]LogModuleManager: Shutting down and abandoning module WindowsServerTargetPlatform (29)
[2016.10.11-01.43.32:094][160]LogModuleManager: Shutting down and abandoning module WindowsNoEditorTargetPlatform (28)
[2016.10.11-01.43.32:094][160]LogModuleManager: Shutting down and abandoning module WindowsClientTargetPlatform (27)
[2016.10.11-01.43.32:094][160]LogModuleManager: Shutting down and abandoning module AllDesktopTargetPlatform (26)
[2016.10.11-01.43.32:094][160]LogModuleManager: Shutting down and abandoning module TargetPlatform (25)
[2016.10.11-01.43.32:094][160]LogModuleManager: Shutting down and abandoning module InputCore (24)
[2016.10.11-01.43.32:094][160]LogModuleManager: Shutting down and abandoning module Settings (23)
[2016.10.11-01.43.32:094][160]LogModuleManager: Shutting down and abandoning module OculusRift (22)
[2016.10.11-01.43.32:094][160]LogModuleManager: Shutting down and abandoning module GearVR (21)
[2016.10.11-01.43.32:094][160]LogModuleManager: Shutting down and abandoning module ExampleDeviceProfileSelector (20)
[2016.10.11-01.43.32:094][160]LogModuleManager: Shutting down and abandoning module OnlineBlueprintSupport (19)
[2016.10.11-01.43.32:094][160]LogModuleManager: Shutting down and abandoning module OnlineSubsystem (17)
[2016.10.11-01.43.32:094][160]LogOnline:Display: Unloading online subsystem: NULL
[2016.10.11-01.43.32:094][160]LogModuleManager: Shutting down and abandoning module HTTP (16)
[2016.10.11-01.43.32:094][160]LogHttp:Display: Http module shutting down, but needs to wait on 1 outstanding Http requests:
[2016.10.11-01.43.32:094][160]LogHttp:Display: 	verb=[POST] url=[https://datarouter.ol.epicgames.com/datarouter/api/v1/public/data?SessionID=%7B1E198686-48C6-7F17-B8C2-7AB918818EA5%7D&AppID=UEEditor.Rocket.Release&AppVersion=4.13.1-3142249%2B%2B%2BUE4%2BRelease-4.13&UserID=dc13522b4ac2ca3deb939aa72220f8d4%7C45c7193c17664c63a9931ba40d6d2f1a%7C4f33203c-db22-46f5-acdb-2a4ec159fb63&AppEnvironment=datacollector-binary&UploadType=eteventstream] status=Processing
[2016.10.11-01.43.32:096][160]LogModuleManager: Shutting down and abandoning module XMPP (15)
[2016.10.11-01.43.32:096][160]LogModuleManager: Shutting down and abandoning module TextureCompressor (14)
[2016.10.11-01.43.32:096][160]LogModuleManager: Shutting down and abandoning module ShaderCore (13)
[2016.10.11-01.43.32:096][160]LogModuleManager: Shutting down and abandoning module Landscape (12)
[2016.10.11-01.43.32:096][160]LogModuleManager: Shutting down and abandoning module SlateRHIRenderer (11)
[2016.10.11-01.43.32:101][160]LogModuleManager: Shutting down and abandoning module OpenGLDrv (10)
[2016.10.11-01.43.32:101][160]LogModuleManager: Shutting down and abandoning module D3D11RHI (9)
[2016.10.11-01.43.32:101][160]LogModuleManager: Shutting down and abandoning module AnimGraphRuntime (8)
[2016.10.11-01.43.32:101][160]LogModuleManager: Shutting down and abandoning module Renderer (7)
[2016.10.11-01.43.32:101][160]LogModuleManager: Shutting down and abandoning module Engine (6)
[2016.10.11-01.43.32:101][160]LogModuleManager: Shutting down and abandoning module CoreUObject (5)
[2016.10.11-01.43.32:101][160]LogModuleManager: Shutting down and abandoning module NetworkFile (4)
[2016.10.11-01.43.32:101][160]LogModuleManager: Shutting down and abandoning module StreamingFile (3)
[2016.10.11-01.43.32:101][160]LogModuleManager: Shutting down and abandoning module SandboxFile (2)
[2016.10.11-01.43.32:101][160]LogModuleManager: Shutting down and abandoning module PakFile (1)
[2016.10.11-01.43.32:103][160]LogExit: Exiting.
[2016.10.11-01.43.32:116][160]Log file closed, 10/11/16 14:43:32
