Log file open, 10/03/16 12:16:12
LogInit:Display: Running engine for game: Polar_Rush
LogPlatformFile: Not using cached read wrapper
LogInit:Display: RandInit(-2069487241) SRandInit(-2069487240).
LogTaskGraph: Started task graph with 4 named threads and 7 total threads with 1 sets of task threads.
LogStats: Stats thread started at 0.292798
LogInit: Version: 4.12.5-3039270+++UE4+Release-4.12
LogInit: API Version: 2992821
LogInit: Net Version: 3039270
LogDevObjectVersion: Number of dev versions registered: 13
LogDevObjectVersion:   Dev-Blueprints (B0D832E4-1F89-4F0D-ACCF-7EB736FD4AA2): 3
LogDevObjectVersion:   Dev-Build (E1C64328-A22C-4D53-A36C-8E866417BD8C): 0
LogDevObjectVersion:   Dev-Core (375EC13C-06E4-48FB-B500-84F0262A717E): 1
LogDevObjectVersion:   Dev-Editor (E4B068ED-F494-42E9-A231-DA0B2E46BB41): 2
LogDevObjectVersion:   Dev-Framework (CFFC743F-43B0-4480-9391-14DF171D2073): 6
LogDevObjectVersion:   Dev-Mobile (B02B49B5-BB20-44E9-A304-32B752E40360): 0
LogDevObjectVersion:   Dev-Networking (A4E4105C-59A1-49B5-A7C5-40C4547EDFEE): 0
LogDevObjectVersion:   Dev-Online (39C831C9-5AE6-47DC-9A44-9C173E1C8E7C): 0
LogDevObjectVersion:   Dev-Physics (78F01B33-EBEA-4F98-B9B4-84EACCB95AA2): 0
LogDevObjectVersion:   Dev-Platform (6631380F-2D4D-43E0-8009-CF276956A95A): 0
LogDevObjectVersion:   Dev-Rendering (12F88B9F-8875-4AFC-A67C-D90C383ABD29): 2
LogDevObjectVersion:   Dev-Sequencer (7B5AE74C-D270-4C10-A958-57980B212A5A): 0
LogDevObjectVersion:   Dev-VR (D7296918-1DD6-4BDD-9DE2-64A83CC13884): 0
LogInit: Compiled (64-bit): Jul  6 2016 09:09:46
LogInit: Compiled with Visual C++: 19.00.23026.00
LogInit: Build Configuration: Development
LogInit: Branch Name: ++UE4+Release-4.12
LogInit: Command line: -EpicPortal 
LogInit: Base directory: C:/Program Files (x86)/Epic Games/4.12/Engine/Binaries/Win64/
LogInit: Installed Engine Build: 1
LogInit: Using libcurl 7.41.0
LogInit:  - built for x86_64-pc-win32
LogInit:  - supports SSL with WinSSL
LogInit:  - other features:
LogInit:      CURL_VERSION_SSL
LogInit:      CURL_VERSION_IPV6
LogInit:      CURL_VERSION_ASYNCHDNS
LogInit:      CURL_VERSION_LARGEFILE
LogInit:      CURL_VERSION_IDN
LogInit:  CurlRequestOptions (configurable via config and command line):
LogInit:  - bVerifyPeer = true  - Libcurl will verify peer certificate
LogInit:  - bUseHttpProxy = false  - Libcurl will NOT use HTTP proxy
LogInit:  - bDontReuseConnections = false  - Libcurl will reuse connections
LogInit:  - CertBundlePath = nullptr  - Libcurl will use whatever was configured at build time.
LogInit: Presizing for max 8388607 objects, including 0 objects not considered by GC, pre-allocating 0 bytes for permanent pool.
LogInit: Object subsystem initialized
[2016.10.02-23.16.13:202][  0]LogInit: Selected Device Profile: [Windows]
[2016.10.02-23.16.13:202][  0]LogInit: Applying CVar settings loaded from the selected device profile: [Windows]
[2016.10.02-23.16.13:235][  0]LogInit: Computer: DESKTOP-0V2RO95
[2016.10.02-23.16.13:235][  0]LogInit: User: Christopher
[2016.10.02-23.16.13:235][  0]LogInit: CPU Page size=65536, Cores=4
[2016.10.02-23.16.13:235][  0]LogInit: High frequency timer resolution =3.117192 MHz
[2016.10.02-23.16.13:235][  0]LogMemory: Memory total: Physical=8.0GB (8GB approx)
[2016.10.02-23.16.13:235][  0]LogMemory: Platform Memory Stats for Windows
[2016.10.02-23.16.13:235][  0]LogMemory: Process Physical Memory: 189.95 MB used, 189.95 MB peak
[2016.10.02-23.16.13:235][  0]LogMemory: Process Virtual Memory: 195.02 MB used, 195.02 MB peak
[2016.10.02-23.16.13:235][  0]LogMemory: Physical Memory: 6030.22 MB used, 8144.65 MB total
[2016.10.02-23.16.13:235][  0]LogMemory: Virtual Memory: 552.68 MB used, 134217728.00 MB total
[2016.10.02-23.16.13:275][  0]LogTextLocalizationManager: No specific translations for ('en-NZ') exist, so ('en') translations will be used.
[2016.10.02-23.16.13:978][  0]LogD3D11RHI: D3D11 adapters:
[2016.10.02-23.16.14:020][  0]LogD3D11RHI:    0. 'NVIDIA GeForce GTX 960' (Feature Level 11_0)
[2016.10.02-23.16.14:020][  0]LogD3D11RHI:       2016/0/4072 MB DedicatedVideo/DedicatedSystem/SharedSystem, Outputs:1, VendorId:0x10de
[2016.10.02-23.16.14:022][  0]LogD3D11RHI:    1. 'Microsoft Basic Render Driver' (Feature Level 11_0)
[2016.10.02-23.16.14:022][  0]LogD3D11RHI:       0/0/4072 MB DedicatedVideo/DedicatedSystem/SharedSystem, Outputs:0, VendorId:0x1414
[2016.10.02-23.16.14:022][  0]LogD3D11RHI: Chosen D3D11 Adapter: 0
[2016.10.02-23.16.14:026][  0]LogD3D11RHI: Creating new Direct3DDevice
[2016.10.02-23.16.14:026][  0]LogD3D11RHI:     GPU DeviceId: 0x1401 (for the marketing name, search the web for "GPU Device Id")
[2016.10.02-23.16.14:026][  0]LogWindows: EnumDisplayDevices:
[2016.10.02-23.16.14:026][  0]LogWindows:    0. 'NVIDIA GeForce GTX 960' (P:1 D:1)
[2016.10.02-23.16.14:026][  0]LogWindows:    1. 'NVIDIA GeForce GTX 960' (P:0 D:0)
[2016.10.02-23.16.14:026][  0]LogWindows:    2. 'NVIDIA GeForce GTX 960' (P:0 D:0)
[2016.10.02-23.16.14:026][  0]LogWindows:    3. 'NVIDIA GeForce GTX 960' (P:0 D:0)
[2016.10.02-23.16.14:027][  0]LogWindows: DebugString: FoundDriverCount:4 
[2016.10.02-23.16.14:027][  0]LogD3D11RHI:     Adapter Name: NVIDIA GeForce GTX 960
[2016.10.02-23.16.14:027][  0]LogD3D11RHI:   Driver Version: 368.81 (internal:10.18.13.6881, unified:368.81)
[2016.10.02-23.16.14:027][  0]LogD3D11RHI:      Driver Date: 7-10-2016
[2016.10.02-23.16.14:027][  0]LogRHI: Texture pool is 1361 MB (70% of 1945 MB)
[2016.10.02-23.16.14:048][  0]LogD3D11RHI: Async texture creation enabled
[2016.10.02-23.16.14:059][  0]LogD3D11RHI: GPU Timing Frequency: 1000.000000 (Debug: 2 1)
[2016.10.02-23.16.14:059][  0]LogShaderCompilers: Guid format shader working directory is -15 characters bigger than the processId version (../../../../../../Users/Christopher/Desktop/git_stuff/Polar_Rush/Intermediate/Shaders/WorkingDirectory/5212/).
[2016.10.02-23.16.14:059][  0]LogShaderCompilers: Cleaned the shader compiler working directory 'C:/Users/CHRIST~1/AppData/Local/Temp/UnrealShaderWorkingDir/27028EF14E96908462F5258889C9A03C/'.
[2016.10.02-23.16.14:059][  0]LogShaderCompilers:Display: Using Local Shader Compiler.
[2016.10.02-23.16.16:232][  0]LogTemp:Display: Loaded TP AllDesktopTargetPlatform
[2016.10.02-23.16.16:241][  0]LogTemp:Display: Loaded TP WindowsClientTargetPlatform
[2016.10.02-23.16.16:252][  0]LogTemp:Display: Loaded TP WindowsNoEditorTargetPlatform
[2016.10.02-23.16.16:264][  0]LogTemp:Display: Loaded TP WindowsServerTargetPlatform
[2016.10.02-23.16.16:274][  0]LogTemp:Display: Loaded TP WindowsTargetPlatform
[2016.10.02-23.16.16:284][  0]LogTemp:Display: Loaded TP AndroidTargetPlatform
[2016.10.02-23.16.16:291][  0]LogTemp:Display: Loaded TP Android_ASTCTargetPlatform
[2016.10.02-23.16.16:299][  0]LogTemp:Display: Loaded TP Android_ATCTargetPlatform
[2016.10.02-23.16.16:306][  0]LogTemp:Display: Loaded TP Android_DXTTargetPlatform
[2016.10.02-23.16.16:315][  0]LogTemp:Display: Loaded TP Android_ETC1TargetPlatform
[2016.10.02-23.16.16:322][  0]LogTemp:Display: Loaded TP Android_ETC2TargetPlatform
[2016.10.02-23.16.16:337][  0]LogTemp:Display: Loaded TP Android_MultiTargetPlatform
[2016.10.02-23.16.16:337][  0]LogTemp:Display: Loaded TP Android_PVRTCTargetPlatform
[2016.10.02-23.16.16:338][  0]LogTemp:Display: Loaded TP HTML5TargetPlatform
[2016.10.02-23.16.16:406][  0]LogTemp:Display: Loaded TP IOSTargetPlatform
[2016.10.02-23.16.16:414][  0]LogTemp:Display: Loaded TP TVOSTargetPlatform
[2016.10.02-23.16.16:421][  0]LogTemp:Display: Loaded TP LinuxNoEditorTargetPlatform
[2016.10.02-23.16.16:430][  0]LogTemp:Display: Loaded TP LinuxServerTargetPlatform
[2016.10.02-23.16.16:514][  0]LogTemp:Display: Loaded TP LinuxTargetPlatform
[2016.10.02-23.16.16:514][  0]LogTargetPlatformManager:Display: Building Assets For Windows
[2016.10.02-23.16.16:764][  0]LogDerivedDataCache:Display: Max Cache Size: 512 MB
[2016.10.02-23.16.19:466][  0]LogDerivedDataCache: Loaded boot cache 2.70s 48MB C:/Users/Christopher/AppData/Local/UnrealEngine/4.12/DerivedDataCache/Boot.ddc.
[2016.10.02-23.16.19:466][  0]LogDerivedDataCache:Display: Loaded Boot cache: C:/Users/Christopher/AppData/Local/UnrealEngine/4.12/DerivedDataCache/Boot.ddc
[2016.10.02-23.16.19:466][  0]LogDerivedDataCache: FDerivedDataBackendGraph:  Pak pak cache file ../../../../../../Users/Christopher/Desktop/git_stuff/Polar_Rush/DerivedDataCache/DDC.ddp not found, will not use a pak cache.
[2016.10.02-23.16.19:466][  0]LogDerivedDataCache: Unable to find inner node Pak for hierarchical cache Hierarchy.
[2016.10.02-23.16.19:466][  0]LogDerivedDataCache: FDerivedDataBackendGraph:  CompressedPak pak cache file ../../../../../../Users/Christopher/Desktop/git_stuff/Polar_Rush/DerivedDataCache/Compressed.ddp not found, will not use a pak cache.
[2016.10.02-23.16.19:466][  0]LogDerivedDataCache: Unable to find inner node CompressedPak for hierarchical cache Hierarchy.
[2016.10.02-23.16.19:482][  0]LogDerivedDataCache:Display: Pak cache opened for reading ../../../Engine/DerivedDataCache/Compressed.ddp.
[2016.10.02-23.16.19:494][  0]LogDerivedDataCache: Using Local data cache path C:/Users/Christopher/AppData/Local/UnrealEngine/Common/DerivedDataCache: Writable
[2016.10.02-23.16.29:242][  0]LogInit: Selected Device Profile: [Windows]
[2016.10.02-23.16.29:243][  0]LogContentStreaming: Texture pool size is 0.00 MB
[2016.10.02-23.16.29:980][  0]LogMeshUtilities: No automatic mesh reduction module available
[2016.10.02-23.16.29:980][  0]LogMeshUtilities: No automatic mesh merging module available
[2016.10.02-23.16.29:980][  0]LogMeshUtilities: No distributed automatic mesh merging module available
[2016.10.02-23.16.31:397][  0]LogAssetRegistry: FAssetRegistry took 0.0214 seconds to start up
[2016.10.02-23.16.31:509][  0]LogPackageLocalizationCache: Processed 3 localized package path(s) for 2 prioritized culture(s) in 0.077167 seconds
[2016.10.02-23.16.31:514][  0]LogUObjectArray: 28739 objects as part of root set at end of initial load.
[2016.10.02-23.16.31:514][  0]LogUObjectAllocator: 5855632 out of 0 bytes used by permanent object pool.
[2016.10.02-23.16.31:514][  0]LogUObjectArray: CloseDisregardForGC: 0/0 objects in disregard for GC pool
[2016.10.02-23.16.31:591][  0]LogInit: WinSock: version 1.1 (2.2), MaxSocks=32767, MaxUdp=65467
[2016.10.02-23.16.33:033][  0]LogSlate: SlateFontCache - WITH_FREETYPE: 1, WITH_HARFBUZZ: 1
[2016.10.02-23.16.33:033][  0]LogSlate: SlateFontCache - WITH_FREETYPE: 1, WITH_HARFBUZZ: 1
[2016.10.02-23.17.14:196][  0]LogUdpMessaging: Initializing bridge on interface 0.0.0.0:0 to multicast group 230.0.0.1:6666.
[2016.10.02-23.17.15:304][  0]SourceControl: Info Source control is disabled
[2016.10.02-23.17.15:305][  0]SourceControl: Info Source control is disabled
[2016.10.02-23.17.15:576][  0]SourceControl: Info Source control is disabled
[2016.10.02-23.17.15:676][  0]SourceControl: Info Source control is disabled
[2016.10.02-23.17.16:493][  0]LogEngine: Initializing Engine...
[2016.10.02-23.17.16:494][  0]LogHMD: SteamVR failed to initialize.  Err: 110
[2016.10.02-23.17.16:496][  0]LogHMD: SteamVR failed to initialize.  Err: 110
[2016.10.02-23.17.17:244][  0]LogAIModule: Creating AISystem for world NewWorld
[2016.10.02-23.17.17:253][  0]LogInit: XAudio2 using '2367-8 (NVIDIA High Definition Audio)' : 2 channels at 48 kHz using 16 bits per sample (channel mask 0x3)
[2016.10.02-23.17.17:260][  0]LogInit: FAudioDevice initialized.
[2016.10.02-23.17.17:290][  0]LogDerivedDataCache: Saved boot cache 0.03s 48MB C:/Users/Christopher/AppData/Local/UnrealEngine/4.12/DerivedDataCache/Boot.ddc.
[2016.10.02-23.17.17:300][  0]LogInit: Texture streaming: Enabled
[2016.10.02-23.17.17:350][  0]LogInit: Transaction tracking system initialized
[2016.10.02-23.17.17:583][  0]BlueprintLog: New page: Editor Load
[2016.10.02-23.17.18:583][  0]LocalizationService: Info Localization service is disabled
[2016.10.02-23.17.19:814][  0]LogConsoleResponse:Display: 
[2016.10.02-23.17.21:244][  0]LogCook:Display: Max memory allowance for cook 8192mb
[2016.10.02-23.17.21:244][  0]LogCook:Display: Mobile HDR setting 1
[2016.10.02-23.17.21:994][  0]LogFileCache: Scanning file cache for directory 'C:/Users/Christopher/Desktop/git_stuff/Polar_Rush/Content/' took 0.05s
[2016.10.02-23.17.22:080][  0]SourceControl: Info Source control is disabled
[2016.10.02-23.17.22:080][  0]Cmd: MAP LOAD FILE="../../../../../../Users/Christopher/Desktop/git_stuff/Polar_Rush/Content/ThirdPersonBP/Maps/ThirdPersonExampleMap.umap" TEMPLATE=0 SHOWPROGRESS=1 FEATURELEVEL=3
[2016.10.02-23.17.22:081][  0]LightingResults: New page: Lighting Build
[2016.10.02-23.17.22:116][  0]MapCheck: New page: Map Check
[2016.10.02-23.17.22:116][  0]LightingResults: New page: Lighting Build
[2016.10.02-23.17.23:238][  0]LogBlueprint:Warning: Compiler Warning Variable side is marked as 'Expose on Spawn' but not marked as 'Editable'; please make it 'Editable'
[2016.10.02-23.17.23:288][  0]LogBlueprint:Warning: Compiler Warning 'Item' is already a 'Global Variable', you don't need  Cast To GlobalVariable .
[2016.10.02-23.17.23:334][  0]LogBlueprint:Warning: Compiler Warning [0073.40] Compile of Cube_Blueprint successful, but with 2 Warning(s) [in 95 ms] (/Game/Cube_Blueprint.Cube_Blueprint)
[2016.10.02-23.17.23:334][  0]LogBlueprint:Warning: Compiler Warning [0073.40] Compile of Cube_Blueprint successful, but with 3 Warning(s) [in 0 ms] (/Game/Cube_Blueprint.Cube_Blueprint)
[2016.10.02-23.17.23:334][  0]LogBlueprint:Warning: Compiler Warning [0073.40] Compile of Cube_Blueprint successful, but with 4 Warning(s) [in 0 ms] (/Game/Cube_Blueprint.Cube_Blueprint)
[2016.10.02-23.17.23:338][  0]LogBlueprint:Warning: Compiler Warning Variable side is marked as 'Expose on Spawn' but not marked as 'Editable'; please make it 'Editable'
[2016.10.02-23.17.23:347][  0]LogBlueprint:Warning: Compiler Warning 'Item' is already a 'Global Variable', you don't need  Cast To GlobalVariable .
[2016.10.02-23.17.23:351][  0]LogBlueprint:Warning: Compiler Warning [0073.42] Compile of Cube_Blueprint successful, but with 2 Warning(s) [in 13 ms] (/Game/Cube_Blueprint.Cube_Blueprint)
[2016.10.02-23.17.23:351][  0]LogBlueprint:Warning: Compiler Warning [0073.42] Compile of Cube_Blueprint successful, but with 3 Warning(s) [in 0 ms] (/Game/Cube_Blueprint.Cube_Blueprint)
[2016.10.02-23.17.23:351][  0]LogBlueprint:Warning: Compiler Warning [0073.42] Compile of Cube_Blueprint successful, but with 4 Warning(s) [in 0 ms] (/Game/Cube_Blueprint.Cube_Blueprint)
[2016.10.02-23.17.23:427][  0]LogBlueprint:Warning: Compiler Warning 'Item' is already a 'Global Variable', you don't need  Cast To GlobalVariable .
[2016.10.02-23.17.23:431][  0]LogBlueprint:Warning: Compiler Warning [0073.50] Compile of FlipPlatform successful, but with 1 Warning(s) [in 11 ms] (/Game/FlipPlatform.FlipPlatform)
[2016.10.02-23.17.23:432][  0]LogBlueprint:Warning: Compiler Warning [0073.50] Compile of FlipPlatform successful, but with 2 Warning(s) [in 0 ms] (/Game/FlipPlatform.FlipPlatform)
[2016.10.02-23.17.23:432][  0]LogBlueprint:Warning: Compiler Warning [0073.50] Compile of FlipPlatform successful, but with 3 Warning(s) [in 0 ms] (/Game/FlipPlatform.FlipPlatform)
[2016.10.02-23.17.23:441][  0]LogBlueprint:Warning: Compiler Warning 'Item' is already a 'Global Variable', you don't need  Cast To GlobalVariable .
[2016.10.02-23.17.23:445][  0]LogBlueprint:Warning: Compiler Warning [0073.51] Compile of FlipPlatform successful, but with 1 Warning(s) [in 9 ms] (/Game/FlipPlatform.FlipPlatform)
[2016.10.02-23.17.23:445][  0]LogBlueprint:Warning: Compiler Warning [0073.51] Compile of FlipPlatform successful, but with 2 Warning(s) [in 0 ms] (/Game/FlipPlatform.FlipPlatform)
[2016.10.02-23.17.23:445][  0]LogBlueprint:Warning: Compiler Warning [0073.51] Compile of FlipPlatform successful, but with 3 Warning(s) [in 0 ms] (/Game/FlipPlatform.FlipPlatform)
[2016.10.02-23.17.23:583][  0]LogBlueprint:Warning: Compiler Warning 'Item' is already a 'Global Variable', you don't need  Cast To GlobalVariable .
[2016.10.02-23.17.23:586][  0]LogBlueprint:Warning: Compiler Warning [0073.65] Compile of MovingPlatform_LR successful, but with 1 Warning(s) [in 11 ms] (/Game/MovingPlatform_LR.MovingPlatform_LR)
[2016.10.02-23.17.23:586][  0]LogBlueprint:Warning: Compiler Warning [0073.65] Compile of MovingPlatform_LR successful, but with 2 Warning(s) [in 0 ms] (/Game/MovingPlatform_LR.MovingPlatform_LR)
[2016.10.02-23.17.23:586][  0]LogBlueprint:Warning: Compiler Warning [0073.65] Compile of MovingPlatform_LR successful, but with 3 Warning(s) [in 0 ms] (/Game/MovingPlatform_LR.MovingPlatform_LR)
[2016.10.02-23.17.23:597][  0]LogBlueprint:Warning: Compiler Warning 'Item' is already a 'Global Variable', you don't need  Cast To GlobalVariable .
[2016.10.02-23.17.23:600][  0]LogBlueprint:Warning: Compiler Warning [0073.67] Compile of MovingPlatform_LR successful, but with 1 Warning(s) [in 11 ms] (/Game/MovingPlatform_LR.MovingPlatform_LR)
[2016.10.02-23.17.23:600][  0]LogBlueprint:Warning: Compiler Warning [0073.67] Compile of MovingPlatform_LR successful, but with 2 Warning(s) [in 0 ms] (/Game/MovingPlatform_LR.MovingPlatform_LR)
[2016.10.02-23.17.23:600][  0]LogBlueprint:Warning: Compiler Warning [0073.67] Compile of MovingPlatform_LR successful, but with 3 Warning(s) [in 0 ms] (/Game/MovingPlatform_LR.MovingPlatform_LR)
[2016.10.02-23.17.23:648][  0]LogBlueprint:Warning: Compiler Warning 'Item' is already a 'Global Variable', you don't need  Cast To GlobalVariable .
[2016.10.02-23.17.23:650][  0]LogBlueprint:Warning: Compiler Warning [0073.72] Compile of Powerup successful, but with 1 Warning(s) [in 6 ms] (/Game/Powerup.Powerup)
[2016.10.02-23.17.23:650][  0]LogBlueprint:Warning: Compiler Warning [0073.72] Compile of Powerup successful, but with 2 Warning(s) [in 0 ms] (/Game/Powerup.Powerup)
[2016.10.02-23.17.23:650][  0]LogBlueprint:Warning: Compiler Warning [0073.72] Compile of Powerup successful, but with 3 Warning(s) [in 0 ms] (/Game/Powerup.Powerup)
[2016.10.02-23.17.23:655][  0]LogBlueprint:Warning: Compiler Warning 'Item' is already a 'Global Variable', you don't need  Cast To GlobalVariable .
[2016.10.02-23.17.23:656][  0]LogBlueprint:Warning: Compiler Warning [0073.72] Compile of Powerup successful, but with 1 Warning(s) [in 4 ms] (/Game/Powerup.Powerup)
[2016.10.02-23.17.23:656][  0]LogBlueprint:Warning: Compiler Warning [0073.72] Compile of Powerup successful, but with 2 Warning(s) [in 0 ms] (/Game/Powerup.Powerup)
[2016.10.02-23.17.23:657][  0]LogBlueprint:Warning: Compiler Warning [0073.72] Compile of Powerup successful, but with 3 Warning(s) [in 0 ms] (/Game/Powerup.Powerup)
[2016.10.02-23.17.23:802][  0]LogBlueprint:Warning: Compiler Warning 'Item' is already a 'Global Variable', you don't need  Cast To GlobalVariable .
[2016.10.02-23.17.23:805][  0]LogBlueprint:Warning: Compiler Warning [0073.87] Compile of RotatingPlatform successful, but with 1 Warning(s) [in 11 ms] (/Game/RotatingPlatform.RotatingPlatform)
[2016.10.02-23.17.23:805][  0]LogBlueprint:Warning: Compiler Warning [0073.87] Compile of RotatingPlatform successful, but with 2 Warning(s) [in 0 ms] (/Game/RotatingPlatform.RotatingPlatform)
[2016.10.02-23.17.23:805][  0]LogBlueprint:Warning: Compiler Warning [0073.87] Compile of RotatingPlatform successful, but with 3 Warning(s) [in 0 ms] (/Game/RotatingPlatform.RotatingPlatform)
[2016.10.02-23.17.23:817][  0]LogBlueprint:Warning: Compiler Warning 'Item' is already a 'Global Variable', you don't need  Cast To GlobalVariable .
[2016.10.02-23.17.23:821][  0]LogBlueprint:Warning: Compiler Warning [0073.89] Compile of RotatingPlatform successful, but with 1 Warning(s) [in 12 ms] (/Game/RotatingPlatform.RotatingPlatform)
[2016.10.02-23.17.23:821][  0]LogBlueprint:Warning: Compiler Warning [0073.89] Compile of RotatingPlatform successful, but with 2 Warning(s) [in 0 ms] (/Game/RotatingPlatform.RotatingPlatform)
[2016.10.02-23.17.23:821][  0]LogBlueprint:Warning: Compiler Warning [0073.89] Compile of RotatingPlatform successful, but with 3 Warning(s) [in 0 ms] (/Game/RotatingPlatform.RotatingPlatform)
[2016.10.02-23.17.24:037][  0]LogBlueprint:Warning: Compiler Warning 'Item' is already a 'Seatop Blueprint', you don't need  Cast To Seatop_Blueprint .
[2016.10.02-23.17.24:037][  0]LogBlueprint:Warning: Compiler Warning 'Item' is already a 'Third Person Character', you don't need  Cast To ThirdPersonCharacter .
[2016.10.02-23.17.24:040][  0]LogBlueprint:Warning: Compiler Warning [0074.11] Compile of UIWidget successful, but with 2 Warning(s) [in 7 ms] (/Game/UIAssets/UIWidget.UIWidget)
[2016.10.02-23.17.24:040][  0]LogBlueprint:Warning: Compiler Warning [0074.11] Compile of UIWidget successful, but with 3 Warning(s) [in 0 ms] (/Game/UIAssets/UIWidget.UIWidget)
[2016.10.02-23.17.24:040][  0]LogBlueprint:Warning: Compiler Warning [0074.11] Compile of UIWidget successful, but with 4 Warning(s) [in 0 ms] (/Game/UIAssets/UIWidget.UIWidget)
[2016.10.02-23.17.24:044][  0]LogBlueprint:Warning: Compiler Warning 'Item' is already a 'Seatop Blueprint', you don't need  Cast To Seatop_Blueprint .
[2016.10.02-23.17.24:044][  0]LogBlueprint:Warning: Compiler Warning 'Item' is already a 'Third Person Character', you don't need  Cast To ThirdPersonCharacter .
[2016.10.02-23.17.24:046][  0]LogBlueprint:Warning: Compiler Warning [0074.11] Compile of UIWidget successful, but with 2 Warning(s) [in 4 ms] (/Game/UIAssets/UIWidget.UIWidget)
[2016.10.02-23.17.24:046][  0]LogBlueprint:Warning: Compiler Warning [0074.11] Compile of UIWidget successful, but with 3 Warning(s) [in 0 ms] (/Game/UIAssets/UIWidget.UIWidget)
[2016.10.02-23.17.24:046][  0]LogBlueprint:Warning: Compiler Warning [0074.11] Compile of UIWidget successful, but with 4 Warning(s) [in 0 ms] (/Game/UIAssets/UIWidget.UIWidget)
[2016.10.02-23.17.25:008][  0]LogAnimationCompression: Building Anim DDC data for AnimSequence /Game/Bears_2_Bear_Harder/Idle_Anim.Idle_Anim
[2016.10.02-23.17.25:506][  0]LogTexture:Display: Building textures: HQ_Lightmap0_1 (AutoDXT)
[2016.10.02-23.17.25:563][  0]LogTexture:Display: Building textures: HQ_Lightmap1_2 (AutoDXT)
[2016.10.02-23.17.25:563][  0]LogTexture:Display: Building textures: LQ_Lightmap_0_1 (DXT1)
[2016.10.02-23.17.25:571][  0]LogTexture:Display: Building textures: LQ_Lightmap_1_2 (DXT1)
[2016.10.02-23.17.25:575][  0]LogTexture:Display: Building textures: SkyOcclusion0_1 (AutoDXT)
[2016.10.02-23.17.25:587][  0]LogTexture:Display: Building textures: SkyOcclusion1_2 (AutoDXT)
[2016.10.02-23.17.25:599][  0]LogTexture:Display: Building textures: ShadowMapTexture2D_0 (G8)
[2016.10.02-23.17.25:599][  0]LogTexture:Display: Building textures: ShadowMapTexture2D_1 (G8)
[2016.10.02-23.17.25:737][  0]LogStaticMesh: Building static mesh geo_ice4...
[2016.10.02-23.17.25:867][  0]LogStaticMesh: Built static mesh [0.21s] /Game/IceIceBaby/geo_ice4.geo_ice4
[2016.10.02-23.17.25:887][  0]LogStaticMesh: Building static mesh geo_ice5...
[2016.10.02-23.17.25:892][  0]LogStaticMesh: Built static mesh [0.02s] /Game/IceIceBaby/geo_ice5.geo_ice5
[2016.10.02-23.17.25:892][  0]LogStaticMesh: Building static mesh geo_dingy...
[2016.10.02-23.17.25:902][  0]LogStaticMesh: Built static mesh [0.01s] /Game/Dinghy/geo_dingy.geo_dingy
[2016.10.02-23.17.25:937][  0]LogStaticMesh: Building static mesh geo_icicle1...
[2016.10.02-23.17.25:942][  0]LogStaticMesh: Built static mesh [0.04s] /Game/IceIceBaby/geo_icicle1.geo_icicle1
[2016.10.02-23.17.25:942][  0]LogStaticMesh: Building static mesh geo_ice1...
[2016.10.02-23.17.25:954][  0]LogStaticMesh: Built static mesh [0.01s] /Game/IceIceBaby/geo_ice1.geo_ice1
[2016.10.02-23.17.25:954][  0]LogStaticMesh: Building static mesh northPole...
[2016.10.02-23.17.25:980][  0]LogStaticMesh: Built static mesh [0.03s] /Game/NorthSouthPole/northPole.northPole
[2016.10.02-23.17.25:980][  0]LogStaticMesh: Building static mesh PowerUp_factory...
[2016.10.02-23.17.25:985][  0]LogStaticMesh: Built static mesh [0.00s] /Game/PowerUp_factory.PowerUp_factory
[2016.10.02-23.17.26:025][  0]LogStaticMesh: Building static mesh whale...
[2016.10.02-23.17.26:047][  0]LogStaticMesh: Built static mesh [0.06s] /Game/whale.whale
[2016.10.02-23.17.26:047][  0]LogStaticMesh: Building static mesh geo_ice3_2_...
[2016.10.02-23.17.26:057][  0]LogStaticMesh: Built static mesh [0.01s] /Game/IceIceBaby/geo_ice3_2_.geo_ice3_2_
[2016.10.02-23.17.26:237][  0]LogTexture:Display: Building textures: ice_spec (AutoDXT)
[2016.10.02-23.17.26:761][  0]LogAudioDerivedData:Display: Building compressed audio format OGG wave gameplay_01...
[2016.10.02-23.17.28:045][  0]LogAudioDerivedData:Display: Building compressed audio format OGG wave snow_trudge_2_01...
[2016.10.02-23.17.28:148][  0]LogMaterial: Missing cached shader map for material geo_ice5Mat, compiling. 
[2016.10.02-23.17.29:546][  0]LogTexture:Display: Building textures: ice_diff (AutoDXT)
[2016.10.02-23.17.30:578][  0]LogMaterial: Missing cached shader map for material ice_Mat, compiling. 
[2016.10.02-23.17.30:700][  0]LogMaterial: Missing cached shader map for material lambert2, compiling. 
[2016.10.02-23.17.30:747][  0]LogTexture:Display: Building textures: whale_Tex (AutoDXT)
[2016.10.02-23.17.30:755][  0]LogMaterial: Missing cached shader map for material whale_Tex_Mat, compiling. 
[2016.10.02-23.17.30:964][  0]LogMaterial: Missing cached shader map for material lambert2, compiling. 
[2016.10.02-23.17.30:986][  0]LogAnimationCompression: Building Anim DDC data for AnimSequence /Game/Its_A_Whale/whale_Anim.whale_Anim
[2016.10.02-23.17.31:036][  0]LogMaterial: Missing cached shader map for material power_upIndustrial_mat, compiling. 
[2016.10.02-23.17.31:081][  0]LogTexture:Display: Building textures: PowerUp_factory_diff (AutoDXT)
[2016.10.02-23.17.31:593][  0]LogMaterial: Missing cached shader map for material PowerUp_factory_diff_Mat, compiling. 
[2016.10.02-23.17.32:041][  0]LogAnimationCompression: Building Anim DDC data for AnimSequence /Game/Bears_2_Bear_Harder/Jump_Anim.Jump_Anim
[2016.10.02-23.17.32:065][  0]LogAnimationCompression: Building Anim DDC data for AnimSequence /Game/Bears_2_Bear_Harder/Run_Anim.Run_Anim
[2016.10.02-23.17.32:390][  0]LogTexture:Display: Building textures: northPole_diff (AutoDXT)
[2016.10.02-23.17.32:473][  0]LogMaterial: Missing cached shader map for material polySurface1_PaperPlusStore1Mat, compiling. 
[2016.10.02-23.17.32:637][  0]LogTexture:Display: Building textures: dingy_diff (AutoDXT)
[2016.10.02-23.17.32:856][  0]LogMaterial: Missing cached shader map for material dingyMat, compiling. 
[2016.10.02-23.17.33:083][  0]LogMaterial: Missing cached shader map for material phongE1SG, compiling. 
[2016.10.02-23.17.33:109][  0]LogMaterial: Missing cached shader map for material phong1SG, compiling. 
[2016.10.02-23.17.33:135][  0]LogMaterial: Missing cached shader map for material lambert2SG, compiling. 
[2016.10.02-23.17.33:160][  0]LogMaterial: Missing cached shader map for material lambert4SG, compiling. 
[2016.10.02-23.17.33:250][  0]LogTexture:Display: Building textures: thermometer1 (BGRA8)
[2016.10.02-23.17.33:289][  0]LogTexture:Display: Building textures: Middle_Bar (BGRA8)
[2016.10.02-23.17.33:743][  0]LogTexture:Display: Building textures: clock (BGRA8)
[2016.10.02-23.17.33:804][  0]LogAIModule: Creating AISystem for world ThirdPersonExampleMap
[2016.10.02-23.17.36:403][  0]LogEditorServer: Finished looking for orphan Actors (0.000 secs)
[2016.10.02-23.17.36:436][  0]Cmd: MAP CHECKDEP NOCLEARLOG
[2016.10.02-23.17.36:486][  0]MapCheck: Info Map check complete: 0 Error(s), 0 Warning(s), took 49.794ms to complete.
[2016.10.02-23.17.36:486][  0]LogFileHelpers: Loading map 'ThirdPersonExampleMap' took 14.406
[2016.10.02-23.17.38:355][  0]LogCollectionManager: Loaded 0 collections in 0.001755 seconds
[2016.10.02-23.17.38:638][  0]LogFileCache: Scanning file cache for directory 'C:/Users/Christopher/Desktop/git_stuff/Polar_Rush/Saved/Collections/' took 0.01s
[2016.10.02-23.17.38:638][  0]LogFileCache: Scanning file cache for directory 'C:/Users/Christopher/Desktop/git_stuff/Polar_Rush/Content/Developers/Christopher/Collections/' took 0.01s
[2016.10.02-23.17.38:638][  0]LogFileCache: Scanning file cache for directory 'C:/Users/Christopher/Desktop/git_stuff/Polar_Rush/Content/Collections/' took 0.01s
[2016.10.02-23.17.38:638][  0]LogCollectionManager: Rebuilt the GUID cache for 0 collections in 0.000003 seconds
[2016.10.02-23.17.38:653][  0]LogContentBrowser: Native class hierarchy populated in 0.0101 seconds. Added 2047 classes and 369 folders.
[2016.10.02-23.17.38:749][  0]LogStats: UGameplayTagsManager::ConstructGameplayTagTree: Construct from data asset -  0.000 s
[2016.10.02-23.17.38:749][  0]LogStats: UGameplayTagsManager::ConstructGameplayTagTree: GameplayTagTreeChangedEvent.Broadcast -  0.000 s
[2016.10.02-23.17.38:753][  0]LogContentBrowser: Native class hierarchy updated for 'GameplayTags' in 0.0004 seconds. Added 12 classes and 0 folders.
[2016.10.02-23.17.38:849][  0]LogContentBrowser: Native class hierarchy updated for 'WidgetCarousel' in 0.0004 seconds. Added 0 classes and 0 folders.
[2016.10.02-23.17.44:863][  0]LogContentBrowser: Native class hierarchy updated for 'AddContentDialog' in 0.0005 seconds. Added 0 classes and 0 folders.
[2016.10.02-23.17.46:050][  0]LogContentBrowser: Native class hierarchy updated for 'SceneOutliner' in 0.0004 seconds. Added 1 classes and 2 folders.
[2016.10.02-23.17.47:992][  0]LogCrashTracker: Crashtracker disabled due to settings.
[2016.10.02-23.17.48:594][  0]LogUObjectGlobals:Warning: Failed to find object 'Class None.'
[2016.10.02-23.17.49:435][  0]LogContentBrowser: Native class hierarchy updated for 'HierarchicalLODOutliner' in 0.0004 seconds. Added 1 classes and 2 folders.
[2016.10.02-23.17.49:435][  0]LogLoad: Full Startup: 99.50 seconds (BP compile: 0.86 seconds)
[2016.10.02-23.17.49:435][  0]LogExternalProfiler: No external profilers were discovered.  External profiling features will not be available.
[2016.10.02-23.17.49:776][  0]LogOcInput: OculusInput pre-init called
[2016.10.02-23.17.50:370][  0]LogContentStreaming: Texture pool size now 200 MB
[2016.10.02-23.17.53:297][  0]LogRenderer: Reallocating scene render targets to support 1008x576 (Frame:2).
[2016.10.02-23.18.09:521][  1]LogFileCache: Retrieving MD5 hashes for directory 'C:/Users/Christopher/Desktop/git_stuff/Polar_Rush/Content/' took 19.69s
[2016.10.02-23.18.16:697][  2]LogAssetRegistry: Asset discovery search completed in 105.3210 seconds
[2016.10.02-23.18.16:697][  2]LogCollectionManager: Rebuilt the object cache for 0 collections in 0.000001 seconds (found 0 objects)
[2016.10.02-23.18.16:697][  2]LogCollectionManager: Fixed up redirectors for 0 collections in 0.000018 seconds (updated 0 objects)
[2016.10.03-00.37.46:357][502]LogContentBrowser: Native class hierarchy updated for 'BlueprintGraph' in 0.0015 seconds. Added 111 classes and 0 folders.
[2016.10.03-00.37.47:830][502]LogRenderer: Reallocating scene render targets to support 1144x712 (Frame:1185).
[2016.10.03-00.40.40:340][510]Cmd: OBJ SAVEPACKAGE PACKAGE="/Game/ThirdPersonBP/NewBlueprint" FILE="../../../../../../Users/Christopher/Desktop/git_stuff/Polar_Rush/Content/ThirdPersonBP/NewBlueprint.uasset" SILENT=true
[2016.10.03-00.40.40:357][510]LogSavePackage: Save=13.79ms
[2016.10.03-00.40.40:357][510]LogSavePackage: Moving '../../../../../../Users/Christopher/Desktop/git_stuff/Polar_Rush/Saved/NewBlueprint45226743496DFE3EBA09A29495BE77A6.tmp' to '../../../../../../Users/Christopher/Desktop/git_stuff/Polar_Rush/Content/ThirdPersonBP/NewBlueprint.uasset'
[2016.10.03-00.40.40:362][510]LogSavePackage:Display: Finished SavePackage ../../../../../../Users/Christopher/Desktop/git_stuff/Polar_Rush/Content/ThirdPersonBP/NewBlueprint.uasset
[2016.10.03-00.51.16:255][800]Cmd: OBJ SAVEPACKAGE PACKAGE="/Game/ThirdPersonBP/NewBlueprint" FILE="../../../../../../Users/Christopher/Desktop/git_stuff/Polar_Rush/Content/ThirdPersonBP/NewBlueprint.uasset" SILENT=true
[2016.10.03-00.51.16:277][800]LogSavePackage: Save=14.24ms
[2016.10.03-00.51.16:277][800]LogSavePackage: Moving '../../../../../../Users/Christopher/Desktop/git_stuff/Polar_Rush/Saved/NewBlueprintE08232D4460D016E3940499A4F7F96DA.tmp' to '../../../../../../Users/Christopher/Desktop/git_stuff/Polar_Rush/Content/ThirdPersonBP/NewBlueprint.uasset'
[2016.10.03-00.51.16:279][800]LogSavePackage:Display: Finished SavePackage ../../../../../../Users/Christopher/Desktop/git_stuff/Polar_Rush/Content/ThirdPersonBP/NewBlueprint.uasset
[2016.10.03-01.09.20:974][870]Cmd: OBJ SAVEPACKAGE PACKAGE="/Game/ThirdPersonBP/NewBlueprint" FILE="../../../../../../Users/Christopher/Desktop/git_stuff/Polar_Rush/Content/ThirdPersonBP/NewBlueprint.uasset" SILENT=true
[2016.10.03-01.09.20:995][870]LogSavePackage: Save=13.94ms
[2016.10.03-01.09.20:995][870]LogSavePackage: Moving '../../../../../../Users/Christopher/Desktop/git_stuff/Polar_Rush/Saved/NewBlueprintFF8345D948908BB488D014B9217AB4B4.tmp' to '../../../../../../Users/Christopher/Desktop/git_stuff/Polar_Rush/Content/ThirdPersonBP/NewBlueprint.uasset'
[2016.10.03-01.09.20:997][870]LogSavePackage:Display: Finished SavePackage ../../../../../../Users/Christopher/Desktop/git_stuff/Polar_Rush/Content/ThirdPersonBP/NewBlueprint.uasset
[2016.10.03-01.09.22:188][  6]Cmd: OBJ SAVEPACKAGE PACKAGE="/Game/ThirdPersonBP/NewBlueprint" FILE="../../../../../../Users/Christopher/Desktop/git_stuff/Polar_Rush/Content/ThirdPersonBP/NewBlueprint.uasset" SILENT=true
[2016.10.03-01.09.22:206][  6]LogSavePackage: Save=14.15ms
[2016.10.03-01.09.22:206][  6]LogSavePackage: Moving '../../../../../../Users/Christopher/Desktop/git_stuff/Polar_Rush/Saved/NewBlueprint3DD9259C4CC412358EF9E6AB40085757.tmp' to '../../../../../../Users/Christopher/Desktop/git_stuff/Polar_Rush/Content/ThirdPersonBP/NewBlueprint.uasset'
[2016.10.03-01.09.22:209][  6]LogSavePackage:Display: Finished SavePackage ../../../../../../Users/Christopher/Desktop/git_stuff/Polar_Rush/Content/ThirdPersonBP/NewBlueprint.uasset
[2016.10.03-02.43.40:074][393]Cmd: OBJ SAVEPACKAGE PACKAGE="/Game/ThirdPersonBP/NewBlueprint" FILE="../../../../../../Users/Christopher/Desktop/git_stuff/Polar_Rush/Content/ThirdPersonBP/NewBlueprint.uasset" SILENT=true
[2016.10.03-02.43.40:107][393]LogSavePackage: Save=20.19ms
[2016.10.03-02.43.40:107][393]LogSavePackage: Moving '../../../../../../Users/Christopher/Desktop/git_stuff/Polar_Rush/Saved/NewBlueprintCD15C9D04C80209A9B574D87D3A06C35.tmp' to '../../../../../../Users/Christopher/Desktop/git_stuff/Polar_Rush/Content/ThirdPersonBP/NewBlueprint.uasset'
[2016.10.03-02.43.40:111][393]LogSavePackage:Display: Finished SavePackage ../../../../../../Users/Christopher/Desktop/git_stuff/Polar_Rush/Content/ThirdPersonBP/NewBlueprint.uasset
[2016.10.03-06.56.53:604][155]LogWindowsTextInputMethodSystem:Display: IME system now deactivated.
[2016.10.03-06.56.54:073][156]Cmd: QUIT_EDITOR
[2016.10.03-06.56.54:744][156]LogExit: Preparing to exit.
[2016.10.03-06.56.56:588][156]LogExit: Editor shut down
[2016.10.03-06.56.56:589][156]LogExit: Transaction tracking system shut down
[2016.10.03-06.57.00:911][156]LogObj: Freed 0b from 0 cluster array pools.
[2016.10.03-06.57.00:911][156]LogExit: Object subsystem successfully closed.
[2016.10.03-06.57.01:558][156]LogD3D11RHI: Shutdown
[2016.10.03-06.57.01:583][156]LogD3D11RHI: CleanupD3DDevice
[2016.10.03-06.57.02:284][156]LogD3D11RHI: ~FD3D11DynamicRHI
[2016.10.03-06.57.04:694][156]LogModuleManager: Shutting down and abandoning module BlueprintGraph (214)
[2016.10.03-06.57.04:733][156]LogModuleManager: Shutting down and abandoning module HierarchicalLODOutliner (213)
[2016.10.03-06.57.04:776][156]LogModuleManager: Shutting down and abandoning module CrashTracker (212)
[2016.10.03-06.57.04:776][156]LogModuleManager: Shutting down and abandoning module SceneOutliner (211)
[2016.10.03-06.57.04:817][156]LogModuleManager: Shutting down and abandoning module WidgetCarousel (210)
[2016.10.03-06.57.04:920][156]LogModuleManager: Shutting down and abandoning module AddContentDialog (209)
[2016.10.03-06.57.05:157][156]LogModuleManager: Shutting down and abandoning module GameplayTags (208)
[2016.10.03-06.57.05:157][156]LogModuleManager: Shutting down and abandoning module EditorWidgets (207)
[2016.10.03-06.57.05:157][156]LogModuleManager: Shutting down and abandoning module CollectionManager (206)
[2016.10.03-06.57.05:188][156]LogModuleManager: Shutting down and abandoning module StatsViewer (205)
[2016.10.03-06.57.05:211][156]LogModuleManager: Shutting down and abandoning module FoliageEdit (204)
[2016.10.03-06.57.05:236][156]LogModuleManager: Shutting down and abandoning module LandscapeEditor (203)
[2016.10.03-06.57.05:307][156]LogModuleManager: Shutting down and abandoning module SceneDepthPickerMode (202)
[2016.10.03-06.57.05:307][156]LogModuleManager: Shutting down and abandoning module ActorPickerMode (201)
[2016.10.03-06.57.05:307][156]LogModuleManager: Shutting down and abandoning module GeometryMode (200)
[2016.10.03-06.57.05:307][156]LogModuleManager: Shutting down and abandoning module TextureAlignMode (199)
[2016.10.03-06.57.05:307][156]LogModuleManager: Shutting down and abandoning module BspMode (198)
[2016.10.03-06.57.05:346][156]LogModuleManager: Shutting down and abandoning module HardwareSurvey (197)
[2016.10.03-06.57.05:387][156]LogModuleManager: Shutting down and abandoning module SequenceRecorderSections (196)
[2016.10.03-06.57.05:387][156]LogModuleManager: Shutting down and abandoning module SequenceRecorder (195)
[2016.10.03-06.57.05:426][156]LogModuleManager: Shutting down and abandoning module AutomationWorker (194)
[2016.10.03-06.57.05:426][156]LogModuleManager: Shutting down and abandoning module MatineeToLevelSequence (193)
[2016.10.03-06.57.05:444][156]LogModuleManager: Shutting down and abandoning module PlacementMode (192)
[2016.10.03-06.57.05:458][156]LogModuleManager: Shutting down and abandoning module LevelSequenceEditor (191)
[2016.10.03-06.57.05:515][156]LogModuleManager: Shutting down and abandoning module CharacterAI (190)
[2016.10.03-06.57.05:515][156]LogModuleManager: Shutting down and abandoning module SmartSnapping (189)
[2016.10.03-06.57.05:515][156]LogModuleManager: Shutting down and abandoning module SessionServices (188)
[2016.10.03-06.57.05:515][156]LogModuleManager: Shutting down and abandoning module ViewportSnapping (187)
[2016.10.03-06.57.05:515][156]LogModuleManager: Shutting down and abandoning module LogVisualizer (186)
[2016.10.03-06.57.05:543][156]LogModuleManager: Shutting down and abandoning module GameProjectGeneration (185)
[2016.10.03-06.57.05:569][156]LogModuleManager: Shutting down and abandoning module IntroTutorials (184)
[2016.10.03-06.57.05:576][156]LogModuleManager: Shutting down and abandoning module EditorLiveStreaming (183)
[2016.10.03-06.57.05:576][156]LogModuleManager: Shutting down and abandoning module IOSPlatformEditor (182)
[2016.10.03-06.57.05:585][156]LogModuleManager: Shutting down and abandoning module HTML5PlatformEditor (181)
[2016.10.03-06.57.05:585][156]LogModuleManager: Shutting down and abandoning module AndroidDeviceDetection (180)
[2016.10.03-06.57.06:449][156]LogModuleManager: Shutting down and abandoning module AndroidPlatformEditor (179)
[2016.10.03-06.57.06:471][156]LogModuleManager: Shutting down and abandoning module IOSRuntimeSettings (178)
[2016.10.03-06.57.06:471][156]LogModuleManager: Shutting down and abandoning module AndroidRuntimeSettings (177)
[2016.10.03-06.57.06:471][156]LogModuleManager: Shutting down and abandoning module MergeActors (176)
[2016.10.03-06.57.06:479][156]LogModuleManager: Shutting down and abandoning module SizeMap (175)
[2016.10.03-06.57.06:479][156]LogModuleManager: Shutting down and abandoning module TreeMap (174)
[2016.10.03-06.57.06:499][156]LogModuleManager: Shutting down and abandoning module ReferenceViewer (173)
[2016.10.03-06.57.06:512][156]LogModuleManager: Shutting down and abandoning module LocalizationService (172)
[2016.10.03-06.57.06:545][156]LogModuleManager: Shutting down and abandoning module LocalizationDashboard (171)
[2016.10.03-06.57.06:568][156]LogModuleManager: Shutting down and abandoning module HardwareTargeting (170)
[2016.10.03-06.57.06:592][156]LogModuleManager: Shutting down and abandoning module DeviceProfileEditor (169)
[2016.10.03-06.57.06:596][156]LogModuleManager: Shutting down and abandoning module UndoHistory (168)
[2016.10.03-06.57.06:616][156]LogModuleManager: Shutting down and abandoning module UserFeedback (167)
[2016.10.03-06.57.06:616][156]LogModuleManager: Shutting down and abandoning module XmlParser (166)
[2016.10.03-06.57.06:636][156]LogModuleManager: Shutting down and abandoning module Blutility (165)
[2016.10.03-06.57.06:637][156]LogModuleManager: Shutting down and abandoning module ProjectTargetPlatformEditor (164)
[2016.10.03-06.57.06:661][156]LogModuleManager: Shutting down and abandoning module ProjectSettingsViewer (163)
[2016.10.03-06.57.06:661][156]LogModuleManager: Shutting down and abandoning module InputBindingEditor (162)
[2016.10.03-06.57.06:702][156]LogModuleManager: Shutting down and abandoning module EditorSettingsViewer (161)
[2016.10.03-06.57.06:702][156]LogModuleManager: Shutting down and abandoning module SettingsEditor (160)
[2016.10.03-06.57.06:722][156]LogModuleManager: Shutting down and abandoning module ProjectLauncher (159)
[2016.10.03-06.57.06:748][156]LogModuleManager: Shutting down and abandoning module SessionFrontend (158)
[2016.10.03-06.57.06:775][156]LogModuleManager: Shutting down and abandoning module ProfilerClient (157)
[2016.10.03-06.57.06:784][156]LogModuleManager: Shutting down and abandoning module TargetDeviceServices (156)
[2016.10.03-06.57.06:784][156]LogModuleManager: Shutting down and abandoning module DeviceManager (155)
[2016.10.03-06.57.06:871][156]LogModuleManager: Shutting down and abandoning module AutomationController (154)
[2016.10.03-06.57.06:896][156]LogModuleManager: Shutting down and abandoning module AutomationWindow (153)
[2016.10.03-06.57.06:930][156]LogModuleManager: Shutting down and abandoning module Layers (152)
[2016.10.03-06.57.06:959][156]LogModuleManager: Shutting down and abandoning module ComponentVisualizers (151)
[2016.10.03-06.57.06:959][156]LogModuleManager: Shutting down and abandoning module DetailCustomizations (150)
[2016.10.03-06.57.06:987][156]LogModuleManager: Shutting down and abandoning module PackagesDialog (149)
[2016.10.03-06.57.06:987][156]LogModuleManager: Shutting down and abandoning module Persona (148)
[2016.10.03-06.57.07:050][156]LogModuleManager: Shutting down and abandoning module Kismet (147)
[2016.10.03-06.57.07:050][156]LogModuleManager: Shutting down and abandoning module GraphEditor (146)
[2016.10.03-06.57.07:050][156]LogModuleManager: Shutting down and abandoning module ClassViewer (145)
[2016.10.03-06.57.07:052][156]LogModuleManager: Shutting down and abandoning module Toolbox (144)
[2016.10.03-06.57.07:069][156]LogModuleManager: Shutting down and abandoning module ModuleUI (143)
[2016.10.03-06.57.07:086][156]LogModuleManager: Shutting down and abandoning module MovieSceneTools (142)
[2016.10.03-06.57.07:143][156]LogModuleManager: Shutting down and abandoning module OutputLog (141)
[2016.10.03-06.57.07:190][156]LogModuleManager: Shutting down and abandoning module GammaUI (140)
[2016.10.03-06.57.07:208][156]LogModuleManager: Shutting down and abandoning module Documentation (139)
[2016.10.03-06.57.07:209][156]LogModuleManager: Shutting down and abandoning module StreamingPauseRendering (138)
[2016.10.03-06.57.07:209][156]LogModuleManager: Shutting down and abandoning module AnalyticsET (137)
[2016.10.03-06.57.07:209][156]LogModuleManager: Shutting down and abandoning module Analytics (136)
[2016.10.03-06.57.07:209][156]LogModuleManager: Shutting down and abandoning module PortalServices (135)
[2016.10.03-06.57.07:209][156]LogModuleManager: Shutting down and abandoning module PortalRpc (134)
[2016.10.03-06.57.07:209][156]LogModuleManager: Shutting down and abandoning module MessagingRpc (133)
[2016.10.03-06.57.07:209][156]LogModuleManager: Shutting down and abandoning module GameplayDebugger (132)
[2016.10.03-06.57.07:241][156]LogModuleManager: Shutting down and abandoning module AITestSuite (131)
[2016.10.03-06.57.07:262][156]LogModuleManager: Shutting down and abandoning module AIModule (130)
[2016.10.03-06.57.07:281][156]LogModuleManager: Shutting down and abandoning module ProfilerService (129)
[2016.10.03-06.57.07:318][156]LogModuleManager: Shutting down and abandoning module TaskGraph (128)
[2016.10.03-06.57.07:337][156]LogModuleManager: Shutting down and abandoning module SlateRemote (127)
[2016.10.03-06.57.07:337][156]LogModuleManager: Shutting down and abandoning module SteamVRController (126)
[2016.10.03-06.57.07:337][156]LogModuleManager: Shutting down and abandoning module SteamVR (125)
[2016.10.03-06.57.07:337][156]LogModuleManager: Shutting down and abandoning module ProceduralMeshComponent (124)
[2016.10.03-06.57.07:337][156]LogModuleManager: Shutting down and abandoning module OculusLibrary (123)
[2016.10.03-06.57.07:337][156]LogModuleManager: Shutting down and abandoning module OculusInput (122)
[2016.10.03-06.57.07:337][156]LogModuleManager: Shutting down and abandoning module CustomMeshComponent (121)
[2016.10.03-06.57.07:337][156]LogModuleManager: Shutting down and abandoning module CableComponent (120)
[2016.10.03-06.57.07:337][156]LogModuleManager: Shutting down and abandoning module ArchVisCharacter (119)
[2016.10.03-06.57.07:337][156]LogModuleManager: Shutting down and abandoning module MediaPlayerEditor (118)
[2016.10.03-06.57.07:351][156]LogModuleManager: Shutting down and abandoning module HTML5Networking (117)
[2016.10.03-06.57.07:351][156]LogModuleManager: Shutting down and abandoning module SuperSearch (116)
[2016.10.03-06.57.07:351][156]LogModuleManager: Shutting down and abandoning module SuperSearchEditor (115)
[2016.10.03-06.57.07:351][156]LogModuleManager: Shutting down and abandoning module SpeedTreeImporter (114)
[2016.10.03-06.57.07:351][156]LogModuleManager: Shutting down and abandoning module PluginBrowser (113)
[2016.10.03-06.57.07:360][156]LogModuleManager: Shutting down and abandoning module EpicSurvey (112)
[2016.10.03-06.57.07:361][156]LogModuleManager: Shutting down and abandoning module DesktopPlatform (111)
[2016.10.03-06.57.07:380][156]LogModuleManager: Shutting down and abandoning module VisualStudioSourceCodeAccess (110)
[2016.10.03-06.57.07:399][156]LogModuleManager: Shutting down and abandoning module UObjectPlugin (109)
[2016.10.03-06.57.07:399][156]LogModuleManager: Shutting down and abandoning module SubversionSourceControl (108)
[2016.10.03-06.57.07:416][156]LogModuleManager: Shutting down and abandoning module PerforceSourceControl (107)
[2016.10.03-06.57.07:441][156]LogModuleManager: Shutting down and abandoning module SourceControl (106)
[2016.10.03-06.57.07:463][156]LogModuleManager: Shutting down and abandoning module GitSourceControl (105)
[2016.10.03-06.57.07:508][156]LogModuleManager: Shutting down and abandoning module LightPropagationVolumeEditor (104)
[2016.10.03-06.57.07:508][156]LogModuleManager: Shutting down and abandoning module PaperTiledImporter (103)
[2016.10.03-06.57.07:526][156]LogModuleManager: Shutting down and abandoning module PaperSpriteSheetImporter (102)
[2016.10.03-06.57.07:526][156]LogModuleManager: Shutting down and abandoning module MeshPaint (101)
[2016.10.03-06.57.07:537][156]LogModuleManager: Shutting down and abandoning module PixelInspectorModule (100)
[2016.10.03-06.57.07:548][156]LogModuleManager: Shutting down and abandoning module HotReload (99)
[2016.10.03-06.57.07:567][156]LogModuleManager: Shutting down and abandoning module MainFrame (98)
[2016.10.03-06.57.07:575][156]LogModuleManager: Shutting down and abandoning module LevelEditor (97)
[2016.10.03-06.57.07:590][156]LogModuleManager: Shutting down and abandoning module ContentBrowser (96)
[2016.10.03-06.57.07:592][156]LogModuleManager: Shutting down and abandoning module Paper2DEditor (95)
[2016.10.03-06.57.07:611][156]LogModuleManager: Shutting down and abandoning module UdpMessaging (94)
[2016.10.03-06.57.07:712][156]LogModuleManager: Shutting down and abandoning module LightPropagationVolumeRuntime (93)
[2016.10.03-06.57.07:712][156]LogModuleManager: Shutting down and abandoning module Paper2D (92)
[2016.10.03-06.57.07:741][156]LogModuleManager: Shutting down and abandoning module WindowsMoviePlayer (91)
[2016.10.03-06.57.07:741][156]LogModuleManager: Shutting down and abandoning module Media (90)
[2016.10.03-06.57.07:741][156]LogModuleManager: Shutting down and abandoning module WmfMedia (89)
[2016.10.03-06.57.07:757][156]LogModuleManager: Shutting down and abandoning module MediaAssets (88)
[2016.10.03-06.57.07:757][156]LogModuleManager: Shutting down and abandoning module GameLiveStreaming (87)
[2016.10.03-06.57.07:760][156]LogModuleManager: Shutting down and abandoning module GameplayTagsEditor (86)
[2016.10.03-06.57.07:761][156]LogModuleManager: Shutting down and abandoning module OnlineBlueprintSupport (85)
[2016.10.03-06.57.07:761][156]LogModuleManager: Shutting down and abandoning module VREditor (84)
[2016.10.03-06.57.07:777][156]LogModuleManager: Shutting down and abandoning module GameplayTasksEditor (83)
[2016.10.03-06.57.07:777][156]LogModuleManager: Shutting down and abandoning module PropertyEditor (82)
[2016.10.03-06.57.07:777][156]LogModuleManager: Shutting down and abandoning module BehaviorTreeEditor (81)
[2016.10.03-06.57.07:817][156]LogModuleManager: Shutting down and abandoning module FunctionalTesting (80)
[2016.10.03-06.57.07:817][156]LogModuleManager: Shutting down and abandoning module CollisionAnalyzer (79)
[2016.10.03-06.57.07:852][156]LogModuleManager: Shutting down and abandoning module Sequencer (78)
[2016.10.03-06.57.07:906][156]LogModuleManager: Shutting down and abandoning module WorkspaceMenuStructure (77)
[2016.10.03-06.57.07:906][156]LogModuleManager: Shutting down and abandoning module MessageLog (76)
[2016.10.03-06.57.07:906][156]LogModuleManager: Shutting down and abandoning module AssetTools (75)
[2016.10.03-06.57.07:937][156]LogModuleManager: Shutting down and abandoning module UMGEditor (74)
[2016.10.03-06.57.07:978][156]LogModuleManager: Shutting down and abandoning module UMG (73)
[2016.10.03-06.57.08:006][156]LogModuleManager: Shutting down and abandoning module SlateReflector (72)
[2016.10.03-06.57.08:021][156]LogModuleManager: Shutting down and abandoning module Slate (71)
[2016.10.03-06.57.08:021][156]LogModuleManager: Shutting down and abandoning module EditorStyle (70)
[2016.10.03-06.57.08:024][156]LogModuleManager: Shutting down and abandoning module SourceCodeAccess (69)
[2016.10.03-06.57.08:024][156]LogModuleManager: Shutting down and abandoning module HeadMountedDisplay (68)
[2016.10.03-06.57.08:024][156]LogModuleManager: Shutting down and abandoning module XAudio2 (67)
[2016.10.03-06.57.08:024][156]LogModuleManager: Shutting down and abandoning module Networking (65)
[2016.10.03-06.57.08:024][156]LogModuleManager: Shutting down and abandoning module Core (64)
[2016.10.03-06.57.08:024][156]LogModuleManager: Shutting down and abandoning module DirectoryWatcher (63)
[2016.10.03-06.57.08:029][156]LogModuleManager: Shutting down and abandoning module AssetRegistry (62)
[2016.10.03-06.57.08:293][156]LogModuleManager: Shutting down and abandoning module KismetCompiler (61)
[2016.10.03-06.57.08:293][156]LogModuleManager: Shutting down and abandoning module PhysXFormats (60)
[2016.10.03-06.57.08:293][156]LogModuleManager: Shutting down and abandoning module MeshUtilities (59)
[2016.10.03-06.57.08:319][156]LogModuleManager: Shutting down and abandoning module DerivedDataCache (58)
[2016.10.03-06.57.08:375][156]LogDerivedDataCache: Shutdown
[2016.10.03-06.57.08:375][156]LogModuleManager: Shutting down and abandoning module VulkanShaderFormat (57)
[2016.10.03-06.57.08:393][156]LogModuleManager: Shutting down and abandoning module ShaderFormatOpenGL (56)
[2016.10.03-06.57.08:401][156]LogModuleManager: Shutting down and abandoning module ShaderFormatD3D (55)
[2016.10.03-06.57.08:420][156]LogModuleManager: Shutting down and abandoning module MetalShaderFormat (54)
[2016.10.03-06.57.08:439][156]LogModuleManager: Shutting down and abandoning module TextureFormatUncompressed (53)
[2016.10.03-06.57.08:439][156]LogModuleManager: Shutting down and abandoning module TextureFormatPVR (52)
[2016.10.03-06.57.08:441][156]LogModuleManager: Shutting down and abandoning module TextureFormatIntelISPCTexComp (51)
[2016.10.03-06.57.08:446][156]LogModuleManager: Shutting down and abandoning module TextureFormatDXT (50)
[2016.10.03-06.57.08:446][156]LogModuleManager: Shutting down and abandoning module ImageWrapper (49)
[2016.10.03-06.57.08:446][156]LogModuleManager: Shutting down and abandoning module TextureFormatASTC (48)
[2016.10.03-06.57.08:446][156]LogModuleManager: Shutting down and abandoning module TextureFormatAndroid (47)
[2016.10.03-06.57.08:446][156]LogModuleManager: Shutting down and abandoning module AudioFormatOpus (46)
[2016.10.03-06.57.08:449][156]LogModuleManager: Shutting down and abandoning module AudioFormatOgg (45)
[2016.10.03-06.57.08:449][156]LogModuleManager: Shutting down and abandoning module AudioFormatADPCM (44)
[2016.10.03-06.57.08:453][156]LogModuleManager: Shutting down and abandoning module LinuxTargetPlatform (43)
[2016.10.03-06.57.08:453][156]LogModuleManager: Shutting down and abandoning module LinuxServerTargetPlatform (42)
[2016.10.03-06.57.08:467][156]LogModuleManager: Shutting down and abandoning module LinuxNoEditorTargetPlatform (41)
[2016.10.03-06.57.08:486][156]LogModuleManager: Shutting down and abandoning module TVOSTargetPlatform (40)
[2016.10.03-06.57.08:486][156]LogModuleManager: Shutting down and abandoning module Messaging (39)
[2016.10.03-06.57.08:486][156]LogModuleManager: Shutting down and abandoning module IOSTargetPlatform (38)
[2016.10.03-06.57.08:486][156]LogModuleManager: Shutting down and abandoning module HTML5TargetPlatform (37)
[2016.10.03-06.57.08:486][156]LogModuleManager: Shutting down and abandoning module Android_PVRTCTargetPlatform (36)
[2016.10.03-06.57.08:486][156]LogModuleManager: Shutting down and abandoning module Android_MultiTargetPlatform (35)
[2016.10.03-06.57.08:500][156]LogModuleManager: Shutting down and abandoning module Android_ETC2TargetPlatform (34)
[2016.10.03-06.57.08:500][156]LogModuleManager: Shutting down and abandoning module Android_ETC1TargetPlatform (33)
[2016.10.03-06.57.08:500][156]LogModuleManager: Shutting down and abandoning module Android_DXTTargetPlatform (32)
[2016.10.03-06.57.08:500][156]LogModuleManager: Shutting down and abandoning module Android_ATCTargetPlatform (31)
[2016.10.03-06.57.08:500][156]LogModuleManager: Shutting down and abandoning module Android_ASTCTargetPlatform (30)
[2016.10.03-06.57.08:500][156]LogModuleManager: Shutting down and abandoning module AndroidTargetPlatform (29)
[2016.10.03-06.57.08:500][156]LogModuleManager: Shutting down and abandoning module WindowsTargetPlatform (28)
[2016.10.03-06.57.08:501][156]LogModuleManager: Shutting down and abandoning module WindowsServerTargetPlatform (27)
[2016.10.03-06.57.08:511][156]LogModuleManager: Shutting down and abandoning module WindowsNoEditorTargetPlatform (26)
[2016.10.03-06.57.08:528][156]LogModuleManager: Shutting down and abandoning module WindowsClientTargetPlatform (25)
[2016.10.03-06.57.08:529][156]LogModuleManager: Shutting down and abandoning module AllDesktopTargetPlatform (24)
[2016.10.03-06.57.08:529][156]LogModuleManager: Shutting down and abandoning module TargetPlatform (23)
[2016.10.03-06.57.08:553][156]LogModuleManager: Shutting down and abandoning module InputCore (22)
[2016.10.03-06.57.08:553][156]LogModuleManager: Shutting down and abandoning module Settings (21)
[2016.10.03-06.57.08:553][156]LogModuleManager: Shutting down and abandoning module OnlineSubsystem (19)
[2016.10.03-06.57.08:575][156]LogModuleManager: Shutting down and abandoning module HTTP (18)
[2016.10.03-06.57.11:587][156]LogModuleManager: Shutting down and abandoning module XMPP (17)
[2016.10.03-06.57.11:681][156]LogModuleManager: Shutting down and abandoning module OculusRift (16)
[2016.10.03-06.57.11:813][156]LogModuleManager: Shutting down and abandoning module ExampleDeviceProfileSelector (15)
[2016.10.03-06.57.11:813][156]LogModuleManager: Shutting down and abandoning module TextureCompressor (14)
[2016.10.03-06.57.11:822][156]LogModuleManager: Shutting down and abandoning module ShaderCore (13)
[2016.10.03-06.57.11:822][156]LogModuleManager: Shutting down and abandoning module Landscape (12)
[2016.10.03-06.57.11:822][156]LogModuleManager: Shutting down and abandoning module SlateRHIRenderer (11)
[2016.10.03-06.57.12:029][156]LogModuleManager: Shutting down and abandoning module OpenGLDrv (10)
[2016.10.03-06.57.12:049][156]LogModuleManager: Shutting down and abandoning module D3D11RHI (9)
[2016.10.03-06.57.12:049][156]LogModuleManager: Shutting down and abandoning module AnimGraphRuntime (8)
[2016.10.03-06.57.12:049][156]LogModuleManager: Shutting down and abandoning module Renderer (7)
[2016.10.03-06.57.12:049][156]LogModuleManager: Shutting down and abandoning module Engine (6)
[2016.10.03-06.57.12:049][156]LogModuleManager: Shutting down and abandoning module CoreUObject (5)
[2016.10.03-06.57.12:049][156]LogModuleManager: Shutting down and abandoning module NetworkFile (4)
[2016.10.03-06.57.12:106][156]LogModuleManager: Shutting down and abandoning module StreamingFile (3)
[2016.10.03-06.57.12:134][156]LogModuleManager: Shutting down and abandoning module SandboxFile (2)
[2016.10.03-06.57.12:169][156]LogModuleManager: Shutting down and abandoning module PakFile (1)
[2016.10.03-06.57.12:298][156]LogExit: Exiting.
[2016.10.03-06.57.12:381][156]Log file closed, 10/03/16 19:57:12
